Watching for file changes with StatReloader
"GET /prefix/about/ HTTP/1.1" 200 8
Not Found: /about/
"GET /about/ HTTP/1.1" 404 2209
Not Found: /about/
"GET /about/ HTTP/1.1" 404 2209
G:\GeekBrains\1_пїЅпїЅпїЅпїЅпїЅпїЅпїЅ пїЅпїЅпїЅпїЅпїЅпїЅпїЅ\3 пїЅпїЅпїЅпїЅпїЅпїЅпїЅпїЅпїЅпїЅпїЅпїЅпїЅпїЅпїЅ пїЅпїЅпїЅпїЅпїЅпїЅпїЅпїЅпїЅпїЅпїЅпїЅпїЅ\Python specialization\3_Django\myproject\myapp\views.py changed, reloading.
Watching for file changes with StatReloader
G:\GeekBrains\1_пїЅпїЅпїЅпїЅпїЅпїЅпїЅ пїЅпїЅпїЅпїЅпїЅпїЅпїЅ\3 пїЅпїЅпїЅпїЅпїЅпїЅпїЅпїЅпїЅпїЅпїЅпїЅпїЅпїЅпїЅ пїЅпїЅпїЅпїЅпїЅпїЅпїЅпїЅпїЅпїЅпїЅпїЅпїЅ\Python specialization\3_Django\myproject\myapp\views.py changed, reloading.
Watching for file changes with StatReloader
G:\GeekBrains\1_пїЅпїЅпїЅпїЅпїЅпїЅпїЅ пїЅпїЅпїЅпїЅпїЅпїЅпїЅ\3 пїЅпїЅпїЅпїЅпїЅпїЅпїЅпїЅпїЅпїЅпїЅпїЅпїЅпїЅпїЅ пїЅпїЅпїЅпїЅпїЅпїЅпїЅпїЅпїЅпїЅпїЅпїЅпїЅ\Python specialization\3_Django\myproject\myapp\views.py changed, reloading.
Watching for file changes with StatReloader
G:\GeekBrains\1_пїЅпїЅпїЅпїЅпїЅпїЅпїЅ пїЅпїЅпїЅпїЅпїЅпїЅпїЅ\3 пїЅпїЅпїЅпїЅпїЅпїЅпїЅпїЅпїЅпїЅпїЅпїЅпїЅпїЅпїЅ пїЅпїЅпїЅпїЅпїЅпїЅпїЅпїЅпїЅпїЅпїЅпїЅпїЅ\Python specialization\3_Django\myproject\myapp\views.py changed, reloading.
Watching for file changes with StatReloader
"GET /prefix/about/ HTTP/1.1" 200 27
Not Found: /about/
"GET /about/ HTTP/1.1" 404 2209
Not Found: /about/
"GET /about/ HTTP/1.1" 404 2209
"GET /prefix/ HTTP/1.1" 200 13
"GET /prefix HTTP/1.1" 301 0
"GET /prefix/ HTTP/1.1" 200 13
G:\GeekBrains\1_Учебный процесс\3 Технологическая специализация\Python specialization\3_Django\myproject\myproject\settings.py changed, reloading.
Watching for file changes with StatReloader
Index page accessed
"GET /prefix/ HTTP/1.1" 200 13
Error in about page: division by zero
Traceback (most recent call last):
  File "G:\GeekBrains\1_Учебный процесс\3 Технологическая специализация\Python specialization\3_Django\myproject\myapp\views.py", line 16, in about
    result = 1 / 0
             ~~^~~
ZeroDivisionError: division by zero
"GET /prefix/about/ HTTP/1.1" 200 27
G:\GeekBrains\1_Учебный процесс\3 Технологическая специализация\Python specialization\3_Django\myproject\myproject\settings.py changed, reloading.
Watching for file changes with StatReloader
G:\GeekBrains\1_Учебный процесс\3 Технологическая специализация\Python specialization\3_Django\myproject\myproject\settings.py changed, reloading.
Watching for file changes with StatReloader
G:\GeekBrains\1_Учебный процесс\3 Технологическая специализация\Python specialization\3_Django\myproject\myproject\settings.py changed, reloading.
Watching for file changes with StatReloader
G:\GeekBrains\1_Учебный процесс\3 Технологическая специализация\Python specialization\3_Django\myproject\myproject\settings.py changed, reloading.
INFO 2024-03-13 00:33:09,165 autoreload 12136 132 Watching for file changes with StatReloader
WARNING 2024-03-13 00:33:34,417 log 12136 12148 Not Found: /about/
WARNING 2024-03-13 00:33:34,417 basehttp 12136 12148 "GET /about/ HTTP/1.1" 404 2209
INFO 2024-03-13 00:33:45,360 basehttp 12136 12148 "GET /prefix HTTP/1.1" 301 0
INFO 2024-03-13 00:33:45,379 views 12136 16984 Index page accessed
INFO 2024-03-13 00:33:45,379 basehttp 12136 16984 "GET /prefix/ HTTP/1.1" 200 13
INFO 2024-03-13 00:33:46,954 views 12136 16984 Index page accessed
INFO 2024-03-13 00:33:46,954 basehttp 12136 16984 "GET /prefix/ HTTP/1.1" 200 13
ERROR 2024-03-13 00:35:47,230 views 12136 16672 Error in about page: division by zero
Traceback (most recent call last):
  File "G:\GeekBrains\1_Учебный процесс\3 Технологическая специализация\Python specialization\3_Django\myproject\myapp\views.py", line 16, in about
    result = 1 / 0
             ~~^~~
ZeroDivisionError: division by zero
INFO 2024-03-13 00:35:47,231 basehttp 12136 16672 "GET /prefix/about/ HTTP/1.1" 200 27
ERROR 2024-03-13 00:35:50,232 views 12136 16672 Error in about page: division by zero
Traceback (most recent call last):
  File "G:\GeekBrains\1_Учебный процесс\3 Технологическая специализация\Python specialization\3_Django\myproject\myapp\views.py", line 16, in about
    result = 1 / 0
             ~~^~~
ZeroDivisionError: division by zero
INFO 2024-03-13 00:35:50,234 basehttp 12136 16672 "GET /prefix/about/ HTTP/1.1" 200 27
INFO 2024-03-13 00:35:58,596 views 12136 16672 Index page accessed
INFO 2024-03-13 00:35:58,597 basehttp 12136 16672 "GET /prefix/ HTTP/1.1" 200 13
INFO 2024-03-24 11:37:07,456 autoreload 14252 16064 Watching for file changes with StatReloader
WARNING 2024-03-24 11:37:09,935 log 14252 17516 Not Found: /
WARNING 2024-03-24 11:37:09,937 basehttp 14252 17516 "GET / HTTP/1.1" 404 2169
WARNING 2024-03-24 11:37:10,022 log 14252 17516 Not Found: /favicon.ico
WARNING 2024-03-24 11:37:10,023 basehttp 14252 17516 "GET /favicon.ico HTTP/1.1" 404 2220
INFO 2024-03-24 11:42:16,939 autoreload 9088 4080 Watching for file changes with StatReloader
WARNING 2024-03-24 11:42:21,117 log 9088 1872 Not Found: /
WARNING 2024-03-24 11:42:21,118 basehttp 9088 1872 "GET / HTTP/1.1" 404 2169
INFO 2024-03-25 08:57:18,055 autoreload 14196 21120 Watching for file changes with StatReloader
WARNING 2024-03-25 08:57:21,813 log 14196 16000 Not Found: /
WARNING 2024-03-25 08:57:21,814 basehttp 14196 16000 "GET / HTTP/1.1" 404 2274
WARNING 2024-03-25 08:57:21,893 log 14196 16000 Not Found: /favicon.ico
WARNING 2024-03-25 08:57:21,894 basehttp 14196 16000 "GET /favicon.ico HTTP/1.1" 404 2325
WARNING 2024-03-25 08:57:29,196 log 14196 16000 Not Found: /les3
WARNING 2024-03-25 08:57:29,197 basehttp 14196 16000 "GET /les3 HTTP/1.1" 404 2304
WARNING 2024-03-25 08:57:33,160 log 14196 16000 Not Found: /les3/
WARNING 2024-03-25 08:57:33,160 basehttp 14196 16000 "GET /les3/ HTTP/1.1" 404 2548
INFO 2024-03-25 08:57:50,084 basehttp 14196 16000 "GET /les3/hello HTTP/1.1" 301 0
INFO 2024-03-25 08:57:50,087 basehttp 14196 5236 "GET /les3/hello/ HTTP/1.1" 200 26
INFO 2024-03-25 08:57:56,278 basehttp 14196 5236 "GET /les3/hello2 HTTP/1.1" 301 0
INFO 2024-03-25 08:57:56,288 basehttp 14196 5576 "GET /les3/hello2/ HTTP/1.1" 200 23
INFO 2024-03-25 08:58:02,210 basehttp 14196 5576 "GET /les3/hello/ HTTP/1.1" 200 26
WARNING 2024-03-25 08:58:06,684 log 14196 5576 Not Found: /les3
WARNING 2024-03-25 08:58:06,685 basehttp 14196 5576 "GET /les3 HTTP/1.1" 404 2304
INFO 2024-03-25 08:58:28,621 basehttp 14196 5576 "GET /les3/hello/ HTTP/1.1" 200 26
INFO 2024-03-25 09:00:43,080 autoreload 14196 21120 G:\GeekBrains\1_Учебный процесс\3 Технологическая специализация\Python specialization\3_Django\myproject\myapp3\urls.py changed, reloading.
INFO 2024-03-25 09:00:43,599 autoreload 15980 14036 Watching for file changes with StatReloader
INFO 2024-03-25 09:03:21,865 autoreload 15980 14036 G:\GeekBrains\1_Учебный процесс\3 Технологическая специализация\Python specialization\3_Django\myproject\myapp3\urls.py changed, reloading.
INFO 2024-03-25 09:03:22,392 autoreload 18616 21500 Watching for file changes with StatReloader
INFO 2024-03-25 09:11:15,405 autoreload 18160 18532 Watching for file changes with StatReloader
INFO 2024-03-25 09:12:04,003 autoreload 3136 11136 Watching for file changes with StatReloader
INFO 2024-03-25 09:14:59,327 autoreload 3136 11136 G:\GeekBrains\1_Учебный процесс\3 Технологическая специализация\Python specialization\3_Django\myproject\myapp3\views.py changed, reloading.
INFO 2024-03-25 09:14:59,792 autoreload 13680 14580 Watching for file changes with StatReloader
WARNING 2024-03-25 09:15:02,116 log 13680 20636 Not Found: /
WARNING 2024-03-25 09:15:02,117 basehttp 13680 20636 "GET / HTTP/1.1" 404 2274
INFO 2024-03-25 09:15:30,324 basehttp 13680 20636 "GET /les3/posts/2022 HTTP/1.1" 301 0
INFO 2024-03-25 09:15:30,329 basehttp 13680 19004 "GET /les3/posts/2022/ HTTP/1.1" 200 19
INFO 2024-03-25 09:15:58,810 basehttp 13680 19004 "GET /les3/posts/2022/2 HTTP/1.1" 301 0
INFO 2024-03-25 09:15:58,816 basehttp 13680 1148 "GET /les3/posts/2022/2/ HTTP/1.1" 200 21
INFO 2024-03-25 09:17:03,875 autoreload 13680 14580 G:\GeekBrains\1_Учебный процесс\3 Технологическая специализация\Python specialization\3_Django\myproject\myapp3\views.py changed, reloading.
INFO 2024-03-25 09:17:04,461 autoreload 16972 21220 Watching for file changes with StatReloader
INFO 2024-03-25 09:23:13,749 basehttp 16972 14516 "GET /les3/posts/2022/2/python/ HTTP/1.1" 200 360
INFO 2024-03-25 09:31:17,435 autoreload 16972 21220 G:\GeekBrains\1_Учебный процесс\3 Технологическая специализация\Python specialization\3_Django\myproject\myapp3\views.py changed, reloading.
INFO 2024-03-25 09:31:17,939 autoreload 15672 14700 Watching for file changes with StatReloader
INFO 2024-03-25 09:31:26,535 autoreload 15672 14700 G:\GeekBrains\1_Учебный процесс\3 Технологическая специализация\Python specialization\3_Django\myproject\myapp3\views.py changed, reloading.
INFO 2024-03-25 09:31:27,098 autoreload 11356 2756 Watching for file changes with StatReloader
INFO 2024-03-25 09:31:52,063 autoreload 11356 2756 G:\GeekBrains\1_Учебный процесс\3 Технологическая специализация\Python specialization\3_Django\myproject\myapp3\views.py changed, reloading.
INFO 2024-03-25 09:31:52,542 autoreload 10656 14004 Watching for file changes with StatReloader
INFO 2024-03-25 09:35:40,634 autoreload 10656 14004 G:\GeekBrains\1_Учебный процесс\3 Технологическая специализация\Python specialization\3_Django\myproject\myapp3\urls.py changed, reloading.
INFO 2024-03-25 09:35:41,135 autoreload 17276 13524 Watching for file changes with StatReloader
WARNING 2024-03-25 09:35:52,824 log 17276 19324 Not Found: /index
WARNING 2024-03-25 09:35:52,825 basehttp 17276 19324 "GET /index HTTP/1.1" 404 2307
WARNING 2024-03-25 09:36:23,610 log 17276 19324 Not Found: /
WARNING 2024-03-25 09:36:23,611 basehttp 17276 19324 "GET / HTTP/1.1" 404 2274
INFO 2024-03-25 09:36:32,587 basehttp 17276 19324 "GET //les3 HTTP/1.1" 301 0
INFO 2024-03-25 09:36:32,710 basehttp 17276 18984 "GET /les3/ HTTP/1.1" 200 175
INFO 2024-03-25 10:48:30,024 autoreload 17276 13524 G:\GeekBrains\1_Учебный процесс\3 Технологическая специализация\Python specialization\3_Django\myproject\myapp3\views.py changed, reloading.
INFO 2024-03-25 10:48:30,603 autoreload 3208 19016 Watching for file changes with StatReloader
INFO 2024-03-25 10:49:01,642 autoreload 3208 19016 G:\GeekBrains\1_Учебный процесс\3 Технологическая специализация\Python specialization\3_Django\myproject\myapp3\views.py changed, reloading.
INFO 2024-03-25 10:49:02,145 autoreload 19628 1720 Watching for file changes with StatReloader
INFO 2024-03-25 10:50:51,701 basehttp 19628 10876 "GET /les3/ HTTP/1.1" 200 175
INFO 2024-03-25 10:51:30,784 autoreload 19628 1720 G:\GeekBrains\1_Учебный процесс\3 Технологическая специализация\Python specialization\3_Django\myproject\myapp3\urls.py changed, reloading.
INFO 2024-03-25 10:51:31,471 autoreload 10532 10268 Watching for file changes with StatReloader
INFO 2024-03-25 10:51:49,195 autoreload 10532 10268 G:\GeekBrains\1_Учебный процесс\3 Технологическая специализация\Python specialization\3_Django\myproject\myapp3\urls.py changed, reloading.
INFO 2024-03-25 10:51:49,698 autoreload 2688 17908 Watching for file changes with StatReloader
INFO 2024-03-25 10:52:12,273 autoreload 2688 17908 G:\GeekBrains\1_Учебный процесс\3 Технологическая специализация\Python specialization\3_Django\myproject\myapp3\urls.py changed, reloading.
INFO 2024-03-25 10:52:12,818 autoreload 17568 16288 Watching for file changes with StatReloader
INFO 2024-03-25 10:52:30,312 autoreload 17568 16288 G:\GeekBrains\1_Учебный процесс\3 Технологическая специализация\Python specialization\3_Django\myproject\myapp3\urls.py changed, reloading.
INFO 2024-03-25 10:52:30,860 autoreload 11840 19588 Watching for file changes with StatReloader
WARNING 2024-03-25 10:53:12,409 log 11840 8224 Not Found: /les3/ша
WARNING 2024-03-25 10:53:12,410 basehttp 11840 8224 "GET /les3/%D1%88%D0%B0 HTTP/1.1" 404 3542
INFO 2024-03-25 10:53:17,351 basehttp 11840 8224 "GET /les3/if HTTP/1.1" 301 0
INFO 2024-03-25 10:53:17,467 basehttp 11840 7556 "GET /les3/if/ HTTP/1.1" 200 346
INFO 2024-03-25 11:00:29,925 autoreload 11840 19588 G:\GeekBrains\1_Учебный процесс\3 Технологическая специализация\Python specialization\3_Django\myproject\myapp3\views.py changed, reloading.
INFO 2024-03-25 11:00:30,675 autoreload 11404 17828 Watching for file changes with StatReloader
INFO 2024-03-25 11:00:48,459 autoreload 11404 17828 G:\GeekBrains\1_Учебный процесс\3 Технологическая специализация\Python specialization\3_Django\myproject\myapp3\views.py changed, reloading.
INFO 2024-03-25 11:00:48,960 autoreload 16920 17100 Watching for file changes with StatReloader
INFO 2024-03-25 11:03:15,357 autoreload 16920 17100 G:\GeekBrains\1_Учебный процесс\3 Технологическая специализация\Python specialization\3_Django\myproject\myapp3\urls.py changed, reloading.
INFO 2024-03-25 11:03:15,846 autoreload 18436 9980 Watching for file changes with StatReloader
INFO 2024-03-25 11:03:25,478 autoreload 18436 9980 G:\GeekBrains\1_Учебный процесс\3 Технологическая специализация\Python specialization\3_Django\myproject\myapp3\urls.py changed, reloading.
INFO 2024-03-25 11:03:25,995 autoreload 8108 32 Watching for file changes with StatReloader
INFO 2024-03-25 11:03:48,832 autoreload 8108 32 G:\GeekBrains\1_Учебный процесс\3 Технологическая специализация\Python specialization\3_Django\myproject\myapp3\urls.py changed, reloading.
INFO 2024-03-25 11:03:49,335 autoreload 17072 12932 Watching for file changes with StatReloader
INFO 2024-03-25 11:04:19,063 autoreload 17072 12932 G:\GeekBrains\1_Учебный процесс\3 Технологическая специализация\Python specialization\3_Django\myproject\myapp3\urls.py changed, reloading.
INFO 2024-03-25 11:04:19,561 autoreload 20980 5112 Watching for file changes with StatReloader
INFO 2024-03-25 11:04:29,779 basehttp 20980 18580 "GET /les3/for HTTP/1.1" 301 0
INFO 2024-03-25 11:04:29,787 basehttp 20980 13184 "GET /les3/for/ HTTP/1.1" 200 855
INFO 2024-03-25 11:44:21,574 autoreload 20980 5112 G:\GeekBrains\1_Учебный процесс\3 Технологическая специализация\Python specialization\3_Django\myproject\myapp3\views.py changed, reloading.
INFO 2024-03-25 11:44:22,118 autoreload 16076 20912 Watching for file changes with StatReloader
INFO 2024-03-25 11:44:37,792 autoreload 16076 20912 G:\GeekBrains\1_Учебный процесс\3 Технологическая специализация\Python specialization\3_Django\myproject\myapp3\urls.py changed, reloading.
INFO 2024-03-25 11:44:38,330 autoreload 16380 16812 Watching for file changes with StatReloader
INFO 2024-03-25 11:45:16,489 autoreload 16380 16812 G:\GeekBrains\1_Учебный процесс\3 Технологическая специализация\Python specialization\3_Django\myproject\myapp3\urls.py changed, reloading.
INFO 2024-03-25 11:45:16,984 autoreload 32 20748 Watching for file changes with StatReloader
INFO 2024-03-25 11:46:19,683 autoreload 32 20748 G:\GeekBrains\1_Учебный процесс\3 Технологическая специализация\Python specialization\3_Django\myproject\myapp3\urls.py changed, reloading.
INFO 2024-03-25 11:46:20,198 autoreload 16912 7820 Watching for file changes with StatReloader
INFO 2024-03-25 11:46:28,954 basehttp 16912 13584 "GET /les3/index HTTP/1.1" 301 0
ERROR 2024-03-25 11:46:29,129 log 16912 20768 Internal Server Error: /les3/index/
Traceback (most recent call last):
  File "G:\GeekBrains\1_Учебный процесс\3 Технологическая специализация\Python specialization\3_Django\.venv\Lib\site-packages\django\core\handlers\exception.py", line 55, in inner
    response = get_response(request)
               ^^^^^^^^^^^^^^^^^^^^^
  File "G:\GeekBrains\1_Учебный процесс\3 Технологическая специализация\Python specialization\3_Django\.venv\Lib\site-packages\django\core\handlers\base.py", line 197, in _get_response
    response = wrapped_callback(request, *callback_args, **callback_kwargs)
               ^^^^^^^^^^^^^^^^^^^^^^^^^^^^^^^^^^^^^^^^^^^^^^^^^^^^^^^^^^^^
  File "G:\GeekBrains\1_Учебный процесс\3 Технологическая специализация\Python specialization\3_Django\myproject\myapp3\views.py", line 74, in index
    return render(request, "myapp/index.html")
           ^^^^^^^^^^^^^^^^^^^^^^^^^^^^^^^^^^^
  File "G:\GeekBrains\1_Учебный процесс\3 Технологическая специализация\Python specialization\3_Django\.venv\Lib\site-packages\django\shortcuts.py", line 25, in render
    content = loader.render_to_string(template_name, context, request, using=using)
              ^^^^^^^^^^^^^^^^^^^^^^^^^^^^^^^^^^^^^^^^^^^^^^^^^^^^^^^^^^^^^^^^^^^^^
  File "G:\GeekBrains\1_Учебный процесс\3 Технологическая специализация\Python specialization\3_Django\.venv\Lib\site-packages\django\template\loader.py", line 61, in render_to_string
    template = get_template(template_name, using=using)
               ^^^^^^^^^^^^^^^^^^^^^^^^^^^^^^^^^^^^^^^^
  File "G:\GeekBrains\1_Учебный процесс\3 Технологическая специализация\Python specialization\3_Django\.venv\Lib\site-packages\django\template\loader.py", line 19, in get_template
    raise TemplateDoesNotExist(template_name, chain=chain)
django.template.exceptions.TemplateDoesNotExist: myapp/index.html
ERROR 2024-03-25 11:46:29,132 basehttp 16912 20768 "GET /les3/index/ HTTP/1.1" 500 83366
ERROR 2024-03-25 11:46:45,384 log 16912 20768 Internal Server Error: /les3/index/
Traceback (most recent call last):
  File "G:\GeekBrains\1_Учебный процесс\3 Технологическая специализация\Python specialization\3_Django\.venv\Lib\site-packages\django\core\handlers\exception.py", line 55, in inner
    response = get_response(request)
               ^^^^^^^^^^^^^^^^^^^^^
  File "G:\GeekBrains\1_Учебный процесс\3 Технологическая специализация\Python specialization\3_Django\.venv\Lib\site-packages\django\core\handlers\base.py", line 197, in _get_response
    response = wrapped_callback(request, *callback_args, **callback_kwargs)
               ^^^^^^^^^^^^^^^^^^^^^^^^^^^^^^^^^^^^^^^^^^^^^^^^^^^^^^^^^^^^
  File "G:\GeekBrains\1_Учебный процесс\3 Технологическая специализация\Python specialization\3_Django\myproject\myapp3\views.py", line 74, in index
    return render(request, "myapp/index.html")
           ^^^^^^^^^^^^^^^^^^^^^^^^^^^^^^^^^^^
  File "G:\GeekBrains\1_Учебный процесс\3 Технологическая специализация\Python specialization\3_Django\.venv\Lib\site-packages\django\shortcuts.py", line 25, in render
    content = loader.render_to_string(template_name, context, request, using=using)
              ^^^^^^^^^^^^^^^^^^^^^^^^^^^^^^^^^^^^^^^^^^^^^^^^^^^^^^^^^^^^^^^^^^^^^
  File "G:\GeekBrains\1_Учебный процесс\3 Технологическая специализация\Python specialization\3_Django\.venv\Lib\site-packages\django\template\loader.py", line 61, in render_to_string
    template = get_template(template_name, using=using)
               ^^^^^^^^^^^^^^^^^^^^^^^^^^^^^^^^^^^^^^^^
  File "G:\GeekBrains\1_Учебный процесс\3 Технологическая специализация\Python specialization\3_Django\.venv\Lib\site-packages\django\template\loader.py", line 19, in get_template
    raise TemplateDoesNotExist(template_name, chain=chain)
django.template.exceptions.TemplateDoesNotExist: myapp/index.html
ERROR 2024-03-25 11:46:45,387 basehttp 16912 20768 "GET /les3/index/ HTTP/1.1" 500 83503
INFO 2024-03-25 11:46:49,451 basehttp 16912 20768 "GET /les3/ HTTP/1.1" 200 175
INFO 2024-03-25 11:47:23,241 autoreload 16912 7820 G:\GeekBrains\1_Учебный процесс\3 Технологическая специализация\Python specialization\3_Django\myproject\myapp3\views.py changed, reloading.
INFO 2024-03-25 11:47:23,763 autoreload 12736 16884 Watching for file changes with StatReloader
INFO 2024-03-25 11:47:29,829 basehttp 12736 18080 "GET /les3/about HTTP/1.1" 301 0
INFO 2024-03-25 11:47:29,838 basehttp 12736 21128 "GET /les3/about/ HTTP/1.1" 200 257
INFO 2024-03-25 11:47:39,493 basehttp 12736 21128 "GET /les3/index/ HTTP/1.1" 200 250
INFO 2024-03-25 11:49:18,710 autoreload 12736 16884 G:\GeekBrains\1_Учебный процесс\3 Технологическая специализация\Python specialization\3_Django\myproject\myproject\settings.py changed, reloading.
INFO 2024-03-25 11:49:19,303 autoreload 13756 15036 Watching for file changes with StatReloader
INFO 2024-03-25 11:49:27,870 autoreload 13756 15036 G:\GeekBrains\1_Учебный процесс\3 Технологическая специализация\Python specialization\3_Django\myproject\myproject\settings.py changed, reloading.
INFO 2024-03-25 11:49:28,381 autoreload 15344 17672 Watching for file changes with StatReloader
INFO 2024-03-25 11:50:18,797 autoreload 15344 17672 G:\GeekBrains\1_Учебный процесс\3 Технологическая специализация\Python specialization\3_Django\myproject\myproject\settings.py changed, reloading.
INFO 2024-03-25 11:50:19,340 autoreload 9104 13764 Watching for file changes with StatReloader
INFO 2024-03-25 11:51:41,443 autoreload 9104 13764 G:\GeekBrains\1_Учебный процесс\3 Технологическая специализация\Python specialization\3_Django\myproject\myproject\settings.py changed, reloading.
INFO 2024-03-25 11:51:42,001 autoreload 20820 20136 Watching for file changes with StatReloader
WARNING 2024-03-25 11:51:47,766 log 20820 3928 Not Found: /index/
WARNING 2024-03-25 11:51:47,767 basehttp 20820 3928 "GET /index/ HTTP/1.1" 404 2310
WARNING 2024-03-25 11:52:07,355 log 20820 3928 Not Found: /
WARNING 2024-03-25 11:52:07,356 basehttp 20820 3928 "GET / HTTP/1.1" 404 2274
WARNING 2024-03-25 11:54:48,378 log 20820 3928 Not Found: /
WARNING 2024-03-25 11:54:48,379 basehttp 20820 3928 "GET / HTTP/1.1" 404 2274
ERROR 2024-03-25 11:55:13,679 log 20820 3928 Internal Server Error: /les3/index/
Traceback (most recent call last):
  File "G:\GeekBrains\1_Учебный процесс\3 Технологическая специализация\Python specialization\3_Django\.venv\Lib\site-packages\django\template\backends\django.py", line 61, in render
    return self.template.render(context)
           ^^^^^^^^^^^^^^^^^^^^^^^^^^^^^
  File "G:\GeekBrains\1_Учебный процесс\3 Технологическая специализация\Python specialization\3_Django\.venv\Lib\site-packages\django\template\base.py", line 171, in render
    return self._render(context)
           ^^^^^^^^^^^^^^^^^^^^^
  File "G:\GeekBrains\1_Учебный процесс\3 Технологическая специализация\Python specialization\3_Django\.venv\Lib\site-packages\django\template\base.py", line 163, in _render
    return self.nodelist.render(context)
           ^^^^^^^^^^^^^^^^^^^^^^^^^^^^^
  File "G:\GeekBrains\1_Учебный процесс\3 Технологическая специализация\Python specialization\3_Django\.venv\Lib\site-packages\django\template\base.py", line 1000, in render
    return SafeString("".join([node.render_annotated(context) for node in self]))
                              ^^^^^^^^^^^^^^^^^^^^^^^^^^^^^^^^^^^^^^^^^^^^^^^^^
  File "G:\GeekBrains\1_Учебный процесс\3 Технологическая специализация\Python specialization\3_Django\.venv\Lib\site-packages\django\template\base.py", line 1000, in <listcomp>
    return SafeString("".join([node.render_annotated(context) for node in self]))
                               ^^^^^^^^^^^^^^^^^^^^^^^^^^^^^^
  File "G:\GeekBrains\1_Учебный процесс\3 Технологическая специализация\Python specialization\3_Django\.venv\Lib\site-packages\django\template\base.py", line 961, in render_annotated
    return self.render(context)
           ^^^^^^^^^^^^^^^^^^^^
  File "G:\GeekBrains\1_Учебный процесс\3 Технологическая специализация\Python specialization\3_Django\.venv\Lib\site-packages\django\template\loader_tags.py", line 134, in render
    compiled_parent = self.get_parent(context)
                      ^^^^^^^^^^^^^^^^^^^^^^^^
  File "G:\GeekBrains\1_Учебный процесс\3 Технологическая специализация\Python specialization\3_Django\.venv\Lib\site-packages\django\template\loader_tags.py", line 131, in get_parent
    return self.find_template(parent, context)
           ^^^^^^^^^^^^^^^^^^^^^^^^^^^^^^^^^^^
  File "G:\GeekBrains\1_Учебный процесс\3 Технологическая специализация\Python specialization\3_Django\.venv\Lib\site-packages\django\template\loader_tags.py", line 109, in find_template
    template, origin = context.template.engine.find_template(
                       ^^^^^^^^^^^^^^^^^^^^^^^^^^^^^^^^^^^^^^
  File "G:\GeekBrains\1_Учебный процесс\3 Технологическая специализация\Python specialization\3_Django\.venv\Lib\site-packages\django\template\engine.py", line 163, in find_template
    raise TemplateDoesNotExist(name, tried=tried)
django.template.exceptions.TemplateDoesNotExist: base.html

The above exception was the direct cause of the following exception:

Traceback (most recent call last):
  File "G:\GeekBrains\1_Учебный процесс\3 Технологическая специализация\Python specialization\3_Django\.venv\Lib\site-packages\django\core\handlers\exception.py", line 55, in inner
    response = get_response(request)
               ^^^^^^^^^^^^^^^^^^^^^
  File "G:\GeekBrains\1_Учебный процесс\3 Технологическая специализация\Python specialization\3_Django\.venv\Lib\site-packages\django\core\handlers\base.py", line 197, in _get_response
    response = wrapped_callback(request, *callback_args, **callback_kwargs)
               ^^^^^^^^^^^^^^^^^^^^^^^^^^^^^^^^^^^^^^^^^^^^^^^^^^^^^^^^^^^^
  File "G:\GeekBrains\1_Учебный процесс\3 Технологическая специализация\Python specialization\3_Django\myproject\myapp3\views.py", line 74, in index
    return render(request, "myapp3/index.html")
           ^^^^^^^^^^^^^^^^^^^^^^^^^^^^^^^^^^^^
  File "G:\GeekBrains\1_Учебный процесс\3 Технологическая специализация\Python specialization\3_Django\.venv\Lib\site-packages\django\shortcuts.py", line 25, in render
    content = loader.render_to_string(template_name, context, request, using=using)
              ^^^^^^^^^^^^^^^^^^^^^^^^^^^^^^^^^^^^^^^^^^^^^^^^^^^^^^^^^^^^^^^^^^^^^
  File "G:\GeekBrains\1_Учебный процесс\3 Технологическая специализация\Python specialization\3_Django\.venv\Lib\site-packages\django\template\loader.py", line 62, in render_to_string
    return template.render(context, request)
           ^^^^^^^^^^^^^^^^^^^^^^^^^^^^^^^^^
  File "G:\GeekBrains\1_Учебный процесс\3 Технологическая специализация\Python specialization\3_Django\.venv\Lib\site-packages\django\template\backends\django.py", line 63, in render
    reraise(exc, self.backend)
  File "G:\GeekBrains\1_Учебный процесс\3 Технологическая специализация\Python specialization\3_Django\.venv\Lib\site-packages\django\template\backends\django.py", line 84, in reraise
    raise new from exc
django.template.exceptions.TemplateDoesNotExist: base.html
ERROR 2024-03-25 11:55:13,685 basehttp 20820 3928 "GET /les3/index/ HTTP/1.1" 500 136399
INFO 2024-03-25 12:01:45,025 autoreload 896 10860 Watching for file changes with StatReloader
WARNING 2024-03-25 12:01:49,369 log 896 7404 Not Found: /
WARNING 2024-03-25 12:01:49,370 basehttp 896 7404 "GET / HTTP/1.1" 404 2274
INFO 2024-03-25 12:01:55,230 basehttp 896 7404 "GET /les3/hello/ HTTP/1.1" 200 26
INFO 2024-03-25 12:02:04,885 basehttp 896 7404 "GET /les3/index/ HTTP/1.1" 200 310
INFO 2024-03-25 12:02:14,251 basehttp 896 7404 "GET /les3/about/ HTTP/1.1" 200 257
INFO 2024-03-25 12:04:05,866 autoreload 896 10860 G:\GeekBrains\1_Учебный процесс\3 Технологическая специализация\Python specialization\3_Django\myproject\myproject\urls.py changed, reloading.
INFO 2024-03-25 12:04:06,370 autoreload 13064 10632 Watching for file changes with StatReloader
INFO 2024-03-25 12:04:21,050 autoreload 13064 10632 G:\GeekBrains\1_Учебный процесс\3 Технологическая специализация\Python specialization\3_Django\myproject\myproject\urls.py changed, reloading.
INFO 2024-03-25 12:04:21,686 autoreload 15780 16296 Watching for file changes with StatReloader
INFO 2024-03-25 12:04:39,651 basehttp 15780 11424 "GET / HTTP/1.1" 200 310
INFO 2024-03-25 12:28:30,695 autoreload 15780 16296 G:\GeekBrains\1_Учебный процесс\3 Технологическая специализация\Python specialization\3_Django\myproject\myapp3\models.py changed, reloading.
INFO 2024-03-25 12:28:31,240 autoreload 18812 16148 Watching for file changes with StatReloader
INFO 2024-03-25 12:59:53,962 autoreload 18840 17028 Watching for file changes with StatReloader
INFO 2024-03-25 12:59:57,433 basehttp 18840 18304 "GET / HTTP/1.1" 200 310
INFO 2024-03-25 13:00:28,076 basehttp 18840 18304 "GET /les3/author/2 HTTP/1.1" 301 0
INFO 2024-03-25 13:00:28,087 basehttp 18840 16512 "GET /les3/author/2/ HTTP/1.1" 200 303
INFO 2024-03-25 13:01:31,322 basehttp 18840 16512 "GET /les3/author/2/ HTTP/1.1" 200 303
INFO 2024-03-25 13:01:35,235 basehttp 18840 16512 "GET /les3/author/5/ HTTP/1.1" 200 303
INFO 2024-03-25 13:02:52,269 basehttp 18840 16932 "GET /les3/post/5/ HTTP/1.1" 200 710
INFO 2024-03-25 13:03:01,434 basehttp 18840 16932 "GET /les3/author/5/ HTTP/1.1" 200 303
INFO 2024-03-25 13:06:59,588 basehttp 18840 16932 "GET /les3/author/1/ HTTP/1.1" 200 303
INFO 2024-03-25 13:08:40,801 autoreload 20736 18824 Watching for file changes with StatReloader
INFO 2024-03-25 13:08:44,168 basehttp 20736 16624 "GET /les3/author/1/ HTTP/1.1" 200 303
INFO 2024-03-25 13:08:47,888 basehttp 20736 16624 "GET /les3/author/1/ HTTP/1.1" 200 303
INFO 2024-03-25 13:08:50,720 basehttp 20736 16624 "GET /les3/author/2/ HTTP/1.1" 200 303
INFO 2024-03-25 13:12:25,213 basehttp 20736 6680 "GET /les3/author/2/ HTTP/1.1" 200 303
INFO 2024-03-25 13:20:53,647 basehttp 20736 17124 "GET /les3/author/2/ HTTP/1.1" 200 307
INFO 2024-03-25 13:20:56,631 basehttp 20736 17124 "GET /les3/author/2/ HTTP/1.1" 200 307
INFO 2024-03-25 13:20:59,219 basehttp 20736 17124 "GET /les3/author/3/ HTTP/1.1" 200 307
INFO 2024-03-25 13:21:51,138 autoreload 22472 21428 Watching for file changes with StatReloader
INFO 2024-03-25 13:21:54,479 basehttp 22472 9020 "GET /les3/author/3/ HTTP/1.1" 200 307
INFO 2024-03-25 13:21:59,153 basehttp 22472 9020 "GET / HTTP/1.1" 200 314
INFO 2024-03-25 13:22:09,472 basehttp 22472 9020 "GET /les3/author/2/ HTTP/1.1" 200 307
INFO 2024-03-25 13:23:47,264 autoreload 22472 21428 G:\GeekBrains\1_Учебный процесс\3 Технологическая специализация\Python specialization\3_Django\myproject\myapp3\views.py changed, reloading.
INFO 2024-03-25 13:23:48,261 autoreload 14484 10988 Watching for file changes with StatReloader
ERROR 2024-03-25 13:23:51,326 log 14484 4240 Internal Server Error: /les3/author/2/
Traceback (most recent call last):
  File "G:\GeekBrains\1_Учебный процесс\3 Технологическая специализация\Python specialization\3_Django\.venv\Lib\site-packages\django\core\handlers\exception.py", line 55, in inner
    response = get_response(request)
               ^^^^^^^^^^^^^^^^^^^^^
  File "G:\GeekBrains\1_Учебный процесс\3 Технологическая специализация\Python specialization\3_Django\.venv\Lib\site-packages\django\core\handlers\base.py", line 197, in _get_response
    response = wrapped_callback(request, *callback_args, **callback_kwargs)
               ^^^^^^^^^^^^^^^^^^^^^^^^^^^^^^^^^^^^^^^^^^^^^^^^^^^^^^^^^^^^
  File "G:\GeekBrains\1_Учебный процесс\3 Технологическая специализация\Python specialization\3_Django\myproject\myapp3\views.py", line 86, in author_posts
    return render(request, 'myapp3/templates/myapp3/author_posts.html', {'author': author, 'posts': posts})
           ^^^^^^^^^^^^^^^^^^^^^^^^^^^^^^^^^^^^^^^^^^^^^^^^^^^^^^^^^^^^^^^^^^^^^^^^^^^^^^^^^^^^^^^^^^^^^^^^
  File "G:\GeekBrains\1_Учебный процесс\3 Технологическая специализация\Python specialization\3_Django\.venv\Lib\site-packages\django\shortcuts.py", line 25, in render
    content = loader.render_to_string(template_name, context, request, using=using)
              ^^^^^^^^^^^^^^^^^^^^^^^^^^^^^^^^^^^^^^^^^^^^^^^^^^^^^^^^^^^^^^^^^^^^^
  File "G:\GeekBrains\1_Учебный процесс\3 Технологическая специализация\Python specialization\3_Django\.venv\Lib\site-packages\django\template\loader.py", line 61, in render_to_string
    template = get_template(template_name, using=using)
               ^^^^^^^^^^^^^^^^^^^^^^^^^^^^^^^^^^^^^^^^
  File "G:\GeekBrains\1_Учебный процесс\3 Технологическая специализация\Python specialization\3_Django\.venv\Lib\site-packages\django\template\loader.py", line 19, in get_template
    raise TemplateDoesNotExist(template_name, chain=chain)
django.template.exceptions.TemplateDoesNotExist: myapp3/templates/myapp3/author_posts.html
ERROR 2024-03-25 13:23:51,331 basehttp 14484 4240 "GET /les3/author/2/ HTTP/1.1" 500 86110
ERROR 2024-03-25 13:23:53,321 log 14484 4240 Internal Server Error: /les3/author/2/
Traceback (most recent call last):
  File "G:\GeekBrains\1_Учебный процесс\3 Технологическая специализация\Python specialization\3_Django\.venv\Lib\site-packages\django\core\handlers\exception.py", line 55, in inner
    response = get_response(request)
               ^^^^^^^^^^^^^^^^^^^^^
  File "G:\GeekBrains\1_Учебный процесс\3 Технологическая специализация\Python specialization\3_Django\.venv\Lib\site-packages\django\core\handlers\base.py", line 197, in _get_response
    response = wrapped_callback(request, *callback_args, **callback_kwargs)
               ^^^^^^^^^^^^^^^^^^^^^^^^^^^^^^^^^^^^^^^^^^^^^^^^^^^^^^^^^^^^
  File "G:\GeekBrains\1_Учебный процесс\3 Технологическая специализация\Python specialization\3_Django\myproject\myapp3\views.py", line 86, in author_posts
    return render(request, 'myapp3/templates/myapp3/author_posts.html', {'author': author, 'posts': posts})
           ^^^^^^^^^^^^^^^^^^^^^^^^^^^^^^^^^^^^^^^^^^^^^^^^^^^^^^^^^^^^^^^^^^^^^^^^^^^^^^^^^^^^^^^^^^^^^^^^
  File "G:\GeekBrains\1_Учебный процесс\3 Технологическая специализация\Python specialization\3_Django\.venv\Lib\site-packages\django\shortcuts.py", line 25, in render
    content = loader.render_to_string(template_name, context, request, using=using)
              ^^^^^^^^^^^^^^^^^^^^^^^^^^^^^^^^^^^^^^^^^^^^^^^^^^^^^^^^^^^^^^^^^^^^^
  File "G:\GeekBrains\1_Учебный процесс\3 Технологическая специализация\Python specialization\3_Django\.venv\Lib\site-packages\django\template\loader.py", line 61, in render_to_string
    template = get_template(template_name, using=using)
               ^^^^^^^^^^^^^^^^^^^^^^^^^^^^^^^^^^^^^^^^
  File "G:\GeekBrains\1_Учебный процесс\3 Технологическая специализация\Python specialization\3_Django\.venv\Lib\site-packages\django\template\loader.py", line 19, in get_template
    raise TemplateDoesNotExist(template_name, chain=chain)
django.template.exceptions.TemplateDoesNotExist: myapp3/templates/myapp3/author_posts.html
ERROR 2024-03-25 13:23:53,325 basehttp 14484 4240 "GET /les3/author/2/ HTTP/1.1" 500 86110
ERROR 2024-03-25 13:23:54,150 log 14484 4240 Internal Server Error: /les3/author/2/
Traceback (most recent call last):
  File "G:\GeekBrains\1_Учебный процесс\3 Технологическая специализация\Python specialization\3_Django\.venv\Lib\site-packages\django\core\handlers\exception.py", line 55, in inner
    response = get_response(request)
               ^^^^^^^^^^^^^^^^^^^^^
  File "G:\GeekBrains\1_Учебный процесс\3 Технологическая специализация\Python specialization\3_Django\.venv\Lib\site-packages\django\core\handlers\base.py", line 197, in _get_response
    response = wrapped_callback(request, *callback_args, **callback_kwargs)
               ^^^^^^^^^^^^^^^^^^^^^^^^^^^^^^^^^^^^^^^^^^^^^^^^^^^^^^^^^^^^
  File "G:\GeekBrains\1_Учебный процесс\3 Технологическая специализация\Python specialization\3_Django\myproject\myapp3\views.py", line 86, in author_posts
    return render(request, 'myapp3/templates/myapp3/author_posts.html', {'author': author, 'posts': posts})
           ^^^^^^^^^^^^^^^^^^^^^^^^^^^^^^^^^^^^^^^^^^^^^^^^^^^^^^^^^^^^^^^^^^^^^^^^^^^^^^^^^^^^^^^^^^^^^^^^
  File "G:\GeekBrains\1_Учебный процесс\3 Технологическая специализация\Python specialization\3_Django\.venv\Lib\site-packages\django\shortcuts.py", line 25, in render
    content = loader.render_to_string(template_name, context, request, using=using)
              ^^^^^^^^^^^^^^^^^^^^^^^^^^^^^^^^^^^^^^^^^^^^^^^^^^^^^^^^^^^^^^^^^^^^^
  File "G:\GeekBrains\1_Учебный процесс\3 Технологическая специализация\Python specialization\3_Django\.venv\Lib\site-packages\django\template\loader.py", line 61, in render_to_string
    template = get_template(template_name, using=using)
               ^^^^^^^^^^^^^^^^^^^^^^^^^^^^^^^^^^^^^^^^
  File "G:\GeekBrains\1_Учебный процесс\3 Технологическая специализация\Python specialization\3_Django\.venv\Lib\site-packages\django\template\loader.py", line 19, in get_template
    raise TemplateDoesNotExist(template_name, chain=chain)
django.template.exceptions.TemplateDoesNotExist: myapp3/templates/myapp3/author_posts.html
ERROR 2024-03-25 13:23:54,155 basehttp 14484 4240 "GET /les3/author/2/ HTTP/1.1" 500 86110
ERROR 2024-03-25 13:23:58,482 log 14484 4240 Internal Server Error: /les3/author/2/
Traceback (most recent call last):
  File "G:\GeekBrains\1_Учебный процесс\3 Технологическая специализация\Python specialization\3_Django\.venv\Lib\site-packages\django\core\handlers\exception.py", line 55, in inner
    response = get_response(request)
               ^^^^^^^^^^^^^^^^^^^^^
  File "G:\GeekBrains\1_Учебный процесс\3 Технологическая специализация\Python specialization\3_Django\.venv\Lib\site-packages\django\core\handlers\base.py", line 197, in _get_response
    response = wrapped_callback(request, *callback_args, **callback_kwargs)
               ^^^^^^^^^^^^^^^^^^^^^^^^^^^^^^^^^^^^^^^^^^^^^^^^^^^^^^^^^^^^
  File "G:\GeekBrains\1_Учебный процесс\3 Технологическая специализация\Python specialization\3_Django\myproject\myapp3\views.py", line 86, in author_posts
    return render(request, 'myapp3/templates/myapp3/author_posts.html', {'author': author, 'posts': posts})
           ^^^^^^^^^^^^^^^^^^^^^^^^^^^^^^^^^^^^^^^^^^^^^^^^^^^^^^^^^^^^^^^^^^^^^^^^^^^^^^^^^^^^^^^^^^^^^^^^
  File "G:\GeekBrains\1_Учебный процесс\3 Технологическая специализация\Python specialization\3_Django\.venv\Lib\site-packages\django\shortcuts.py", line 25, in render
    content = loader.render_to_string(template_name, context, request, using=using)
              ^^^^^^^^^^^^^^^^^^^^^^^^^^^^^^^^^^^^^^^^^^^^^^^^^^^^^^^^^^^^^^^^^^^^^
  File "G:\GeekBrains\1_Учебный процесс\3 Технологическая специализация\Python specialization\3_Django\.venv\Lib\site-packages\django\template\loader.py", line 61, in render_to_string
    template = get_template(template_name, using=using)
               ^^^^^^^^^^^^^^^^^^^^^^^^^^^^^^^^^^^^^^^^
  File "G:\GeekBrains\1_Учебный процесс\3 Технологическая специализация\Python specialization\3_Django\.venv\Lib\site-packages\django\template\loader.py", line 19, in get_template
    raise TemplateDoesNotExist(template_name, chain=chain)
django.template.exceptions.TemplateDoesNotExist: myapp3/templates/myapp3/author_posts.html
ERROR 2024-03-25 13:23:58,485 basehttp 14484 4240 "GET /les3/author/2/ HTTP/1.1" 500 86110
INFO 2024-03-25 13:24:13,145 autoreload 14484 10988 G:\GeekBrains\1_Учебный процесс\3 Технологическая специализация\Python specialization\3_Django\myproject\myapp3\views.py changed, reloading.
INFO 2024-03-25 13:24:14,173 autoreload 15880 8044 Watching for file changes with StatReloader
INFO 2024-03-25 13:29:27,887 basehttp 15880 4284 "GET /les3/author/2/ HTTP/1.1" 200 307
INFO 2024-03-25 13:29:30,560 basehttp 15880 4284 "GET /les3/author/2/ HTTP/1.1" 200 307
INFO 2024-03-25 13:29:47,100 basehttp 15880 4284 "GET /les3/author/5/ HTTP/1.1" 200 307
INFO 2024-03-25 13:29:50,149 basehttp 15880 4284 "GET /les3/author/1/ HTTP/1.1" 200 307
INFO 2024-03-25 13:30:23,393 autoreload 3772 5900 Watching for file changes with StatReloader
INFO 2024-03-25 13:30:28,277 basehttp 3772 19208 "GET /les3/author/10/ HTTP/1.1" 200 1407
INFO 2024-03-25 18:14:10,996 autoreload 16956 14932 Watching for file changes with StatReloader
INFO 2024-03-25 18:14:14,074 basehttp 16956 4304 "GET / HTTP/1.1" 200 314
WARNING 2024-03-25 18:14:14,266 log 16956 4304 Not Found: /favicon.ico
WARNING 2024-03-25 18:14:14,268 basehttp 16956 4304 "GET /favicon.ico HTTP/1.1" 404 2530
INFO 2024-03-25 18:14:33,046 basehttp 16956 4304 "GET /les4/user/add HTTP/1.1" 301 0
INFO 2024-03-25 18:14:33,063 basehttp 16956 7588 "GET /les4/user/add/ HTTP/1.1" 200 611
INFO 2024-03-25 18:17:48,819 basehttp 16956 7588 "GET /les4/user/add/ HTTP/1.1" 200 829
INFO 2024-03-25 18:19:54,017 basehttp 16956 7588 "GET /les4/user/add/ HTTP/1.1" 200 829
INFO 2024-03-25 18:21:16,039 basehttp 16956 7588 "POST /les4/user/add/ HTTP/1.1" 200 876
INFO 2024-03-25 18:21:45,131 basehttp 16956 7588 "POST /les4/user/add/ HTTP/1.1" 200 876
INFO 2024-03-25 18:22:08,263 basehttp 16956 7588 "POST /les4/user/add/ HTTP/1.1" 200 876
INFO 2024-03-25 18:22:11,330 basehttp 16956 7588 "POST /les4/user/add/ HTTP/1.1" 200 876
INFO 2024-03-25 18:22:13,562 basehttp 16956 7588 "GET /les4/user/add/ HTTP/1.1" 200 829
INFO 2024-03-25 18:22:29,003 basehttp 16956 7588 "POST /les4/user/add/ HTTP/1.1" 200 884
INFO 2024-03-25 18:28:38,309 autoreload 16956 14932 G:\GeekBrains\1_Учебный процесс\3 Технологическая специализация\Python specialization\3_Django\myproject\myapp4\forms.py changed, reloading.
INFO 2024-03-25 18:28:38,855 autoreload 11952 6272 Watching for file changes with StatReloader
INFO 2024-03-25 18:29:06,833 autoreload 11952 6272 G:\GeekBrains\1_Учебный процесс\3 Технологическая специализация\Python specialization\3_Django\myproject\myapp4\forms.py changed, reloading.
INFO 2024-03-25 18:29:07,371 autoreload 9356 15672 Watching for file changes with StatReloader
INFO 2024-03-25 18:31:12,502 autoreload 9356 15672 G:\GeekBrains\1_Учебный процесс\3 Технологическая специализация\Python specialization\3_Django\myproject\myapp4\forms.py changed, reloading.
INFO 2024-03-25 18:31:13,117 autoreload 10200 12792 Watching for file changes with StatReloader
INFO 2024-03-25 18:32:33,321 autoreload 10200 12792 G:\GeekBrains\1_Учебный процесс\3 Технологическая специализация\Python specialization\3_Django\myproject\myapp4\views.py changed, reloading.
INFO 2024-03-25 18:32:33,859 autoreload 19768 8580 Watching for file changes with StatReloader
INFO 2024-03-25 18:32:58,802 autoreload 19768 8580 G:\GeekBrains\1_Учебный процесс\3 Технологическая специализация\Python specialization\3_Django\myproject\myapp4\views.py changed, reloading.
INFO 2024-03-25 18:32:59,295 autoreload 20452 12308 Watching for file changes with StatReloader
INFO 2024-03-25 18:33:45,468 autoreload 20452 12308 G:\GeekBrains\1_Учебный процесс\3 Технологическая специализация\Python specialization\3_Django\myproject\myapp4\views.py changed, reloading.
INFO 2024-03-25 18:33:45,943 autoreload 19248 9380 Watching for file changes with StatReloader
INFO 2024-03-25 18:34:32,400 autoreload 19248 9380 G:\GeekBrains\1_Учебный процесс\3 Технологическая специализация\Python specialization\3_Django\myproject\myapp4\urls.py changed, reloading.
INFO 2024-03-25 18:34:32,953 autoreload 11512 12432 Watching for file changes with StatReloader
INFO 2024-03-25 18:35:33,327 basehttp 11512 900 "GET /les4/forms/ HTTP/1.1" 200 1517
INFO 2024-03-25 18:35:54,902 basehttp 11512 900 "POST /les4/forms/ HTTP/1.1" 200 1599
INFO 2024-03-25 18:37:43,027 basehttp 11512 900 "POST /les4/forms/ HTTP/1.1" 200 1601
INFO 2024-03-25 18:38:20,682 basehttp 11512 900 "POST /les4/forms/ HTTP/1.1" 200 1603
INFO 2024-03-25 18:47:08,662 autoreload 11512 12432 G:\GeekBrains\1_Учебный процесс\3 Технологическая специализация\Python specialization\3_Django\myproject\myapp4\forms.py changed, reloading.
INFO 2024-03-25 18:47:09,151 autoreload 900 10164 Watching for file changes with StatReloader
INFO 2024-03-25 18:50:43,321 autoreload 900 10164 G:\GeekBrains\1_Учебный процесс\3 Технологическая специализация\Python specialization\3_Django\myproject\myapp4\views.py changed, reloading.
INFO 2024-03-25 18:50:43,853 autoreload 11032 6508 Watching for file changes with StatReloader
INFO 2024-03-25 18:51:35,321 autoreload 11032 6508 G:\GeekBrains\1_Учебный процесс\3 Технологическая специализация\Python specialization\3_Django\myproject\myapp4\views.py changed, reloading.
INFO 2024-03-25 18:51:35,866 autoreload 2708 20124 Watching for file changes with StatReloader
INFO 2024-03-25 18:51:44,202 basehttp 2708 19548 "GET /les4/forms/ HTTP/1.1" 200 2138
INFO 2024-03-25 18:52:56,403 basehttp 2708 19548 "POST /les4/forms/ HTTP/1.1" 200 2219
INFO 2024-03-25 18:55:33,938 autoreload 2708 20124 G:\GeekBrains\1_Учебный процесс\3 Технологическая специализация\Python specialization\3_Django\myproject\myapp4\forms.py changed, reloading.
INFO 2024-03-25 18:55:34,437 autoreload 16196 14832 Watching for file changes with StatReloader
INFO 2024-03-25 18:55:58,339 autoreload 16196 14832 G:\GeekBrains\1_Учебный процесс\3 Технологическая специализация\Python specialization\3_Django\myproject\myapp4\forms.py changed, reloading.
INFO 2024-03-25 18:55:58,835 autoreload 16540 8044 Watching for file changes with StatReloader
INFO 2024-03-25 18:56:15,379 basehttp 16540 6120 "POST /les4/forms/ HTTP/1.1" 200 2219
INFO 2024-03-25 19:10:11,597 autoreload 16540 8044 G:\GeekBrains\1_Учебный процесс\3 Технологическая специализация\Python specialization\3_Django\myproject\myapp4\forms.py changed, reloading.
INFO 2024-03-25 19:10:12,355 autoreload 16464 6720 Watching for file changes with StatReloader
INFO 2024-03-25 19:11:59,247 autoreload 16464 6720 G:\GeekBrains\1_Учебный процесс\3 Технологическая специализация\Python specialization\3_Django\myproject\myapp4\forms.py changed, reloading.
INFO 2024-03-25 19:11:59,800 autoreload 664 9052 Watching for file changes with StatReloader
INFO 2024-03-25 19:17:22,353 autoreload 664 9052 G:\GeekBrains\1_Учебный процесс\3 Технологическая специализация\Python specialization\3_Django\myproject\myapp4\models.py changed, reloading.
INFO 2024-03-25 19:17:22,914 autoreload 20304 12020 Watching for file changes with StatReloader
INFO 2024-03-25 19:26:06,415 autoreload 14084 17424 Watching for file changes with StatReloader
INFO 2024-03-25 19:26:13,950 basehttp 14084 17560 "GET /les4/user/ HTTP/1.1" 200 868
INFO 2024-03-25 19:26:38,608 basehttp 14084 17560 "POST /les4/user/ HTTP/1.1" 200 1038
INFO 2024-03-25 19:27:18,131 basehttp 14084 17560 "POST /les4/user/ HTTP/1.1" 200 1035
INFO 2024-03-25 19:30:46,353 autoreload 14084 17424 G:\GeekBrains\1_Учебный процесс\3 Технологическая специализация\Python specialization\3_Django\myproject\myapp4\views.py changed, reloading.
INFO 2024-03-25 19:30:46,851 autoreload 2736 7788 Watching for file changes with StatReloader
INFO 2024-03-25 19:31:05,617 autoreload 2736 7788 G:\GeekBrains\1_Учебный процесс\3 Технологическая специализация\Python specialization\3_Django\myproject\myapp4\views.py changed, reloading.
INFO 2024-03-25 19:31:06,149 autoreload 10088 2788 Watching for file changes with StatReloader
INFO 2024-03-25 19:31:07,247 basehttp 10088 2120 "POST /les4/user/ HTTP/1.1" 200 1035
INFO 2024-03-25 19:32:49,844 autoreload 10088 2788 G:\GeekBrains\1_Учебный процесс\3 Технологическая специализация\Python specialization\3_Django\myproject\myapp4\forms.py changed, reloading.
INFO 2024-03-25 19:32:50,390 autoreload 6208 3704 Watching for file changes with StatReloader
INFO 2024-03-25 19:34:09,576 autoreload 6208 3704 G:\GeekBrains\1_Учебный процесс\3 Технологическая специализация\Python specialization\3_Django\myproject\myapp4\forms.py changed, reloading.
INFO 2024-03-25 19:34:10,169 autoreload 9764 20392 Watching for file changes with StatReloader
INFO 2024-03-25 19:35:07,815 autoreload 9764 20392 G:\GeekBrains\1_Учебный процесс\3 Технологическая специализация\Python specialization\3_Django\myproject\myproject\settings.py changed, reloading.
INFO 2024-03-25 19:35:08,335 autoreload 11720 4648 Watching for file changes with StatReloader
INFO 2024-03-25 19:35:43,446 autoreload 11720 4648 G:\GeekBrains\1_Учебный процесс\3 Технологическая специализация\Python specialization\3_Django\myproject\myproject\settings.py changed, reloading.
INFO 2024-03-25 19:35:43,961 autoreload 5804 15320 Watching for file changes with StatReloader
INFO 2024-03-25 19:36:41,614 autoreload 5804 15320 G:\GeekBrains\1_Учебный процесс\3 Технологическая специализация\Python specialization\3_Django\myproject\myapp4\views.py changed, reloading.
INFO 2024-03-25 19:36:42,104 autoreload 17528 16592 Watching for file changes with StatReloader
INFO 2024-03-25 19:37:32,562 autoreload 17528 16592 G:\GeekBrains\1_Учебный процесс\3 Технологическая специализация\Python specialization\3_Django\myproject\myapp4\views.py changed, reloading.
INFO 2024-03-25 19:37:33,053 autoreload 1496 1616 Watching for file changes with StatReloader
INFO 2024-03-25 19:37:48,796 autoreload 1496 1616 G:\GeekBrains\1_Учебный процесс\3 Технологическая специализация\Python specialization\3_Django\myproject\myapp4\views.py changed, reloading.
INFO 2024-03-25 19:37:49,321 autoreload 17064 19836 Watching for file changes with StatReloader
INFO 2024-03-25 19:41:32,705 autoreload 17064 19836 G:\GeekBrains\1_Учебный процесс\3 Технологическая специализация\Python specialization\3_Django\myproject\myapp4\urls.py changed, reloading.
INFO 2024-03-25 19:41:33,245 autoreload 480 9720 Watching for file changes with StatReloader
INFO 2024-03-25 19:42:32,107 basehttp 480 15292 "GET /les4/upload/ HTTP/1.1" 200 664
INFO 2024-03-25 19:44:20,785 basehttp 480 15292 "POST /les4/upload/ HTTP/1.1" 200 664
INFO 2024-03-25 21:00:19,118 autoreload 19452 13816 Watching for file changes with StatReloader
INFO 2024-03-25 21:00:39,949 basehttp 19452 4192 "GET /admin HTTP/1.1" 301 0
INFO 2024-03-25 21:00:40,088 basehttp 19452 15924 "GET /admin/ HTTP/1.1" 302 0
INFO 2024-03-25 21:00:40,201 basehttp 19452 15924 "GET /admin/login/?next=/admin/ HTTP/1.1" 200 4359
INFO 2024-03-25 21:00:40,423 basehttp 19452 15924 "GET /static/admin/css/base.css HTTP/1.1" 200 21544
INFO 2024-03-25 21:00:40,426 basehttp 19452 2640 "GET /static/admin/css/responsive.css HTTP/1.1" 200 17905
INFO 2024-03-25 21:00:40,452 basehttp 19452 20240 "GET /static/admin/js/theme.js HTTP/1.1" 200 1943
INFO 2024-03-25 21:00:40,463 basehttp 19452 17796 "GET /static/admin/css/login.css HTTP/1.1" 200 958
INFO 2024-03-25 21:00:40,474 basehttp 19452 15924 "GET /static/admin/js/nav_sidebar.js HTTP/1.1" 200 3063
INFO 2024-03-25 21:00:40,486 basehttp 19452 17328 "GET /static/admin/css/nav_sidebar.css HTTP/1.1" 200 2810
INFO 2024-03-25 21:00:40,497 basehttp 19452 17304 "GET /static/admin/css/dark_mode.css HTTP/1.1" 200 2682
ERROR 2024-03-25 21:00:56,201 log 19452 17304 Internal Server Error: /admin/login/
Traceback (most recent call last):
  File "G:\GeekBrains\1_Учебный процесс\3 Технологическая специализация\Python specialization\3_Django\.venv\Lib\site-packages\django\db\backends\base\base.py", line 299, in _commit
    return self.connection.commit()
           ^^^^^^^^^^^^^^^^^^^^^^^^
sqlite3.OperationalError: database is locked

The above exception was the direct cause of the following exception:

Traceback (most recent call last):
  File "G:\GeekBrains\1_Учебный процесс\3 Технологическая специализация\Python specialization\3_Django\.venv\Lib\site-packages\django\core\handlers\exception.py", line 55, in inner
    response = get_response(request)
               ^^^^^^^^^^^^^^^^^^^^^
  File "G:\GeekBrains\1_Учебный процесс\3 Технологическая специализация\Python specialization\3_Django\.venv\Lib\site-packages\django\core\handlers\base.py", line 197, in _get_response
    response = wrapped_callback(request, *callback_args, **callback_kwargs)
               ^^^^^^^^^^^^^^^^^^^^^^^^^^^^^^^^^^^^^^^^^^^^^^^^^^^^^^^^^^^^
  File "G:\GeekBrains\1_Учебный процесс\3 Технологическая специализация\Python specialization\3_Django\.venv\Lib\site-packages\django\utils\decorators.py", line 48, in _wrapper
    return bound_method(*args, **kwargs)
           ^^^^^^^^^^^^^^^^^^^^^^^^^^^^^
  File "G:\GeekBrains\1_Учебный процесс\3 Технологическая специализация\Python specialization\3_Django\.venv\Lib\site-packages\django\views\decorators\cache.py", line 80, in _view_wrapper
    response = view_func(request, *args, **kwargs)
               ^^^^^^^^^^^^^^^^^^^^^^^^^^^^^^^^^^^
  File "G:\GeekBrains\1_Учебный процесс\3 Технологическая специализация\Python specialization\3_Django\.venv\Lib\site-packages\django\contrib\admin\sites.py", line 440, in login
    return LoginView.as_view(**defaults)(request)
           ^^^^^^^^^^^^^^^^^^^^^^^^^^^^^^^^^^^^^^
  File "G:\GeekBrains\1_Учебный процесс\3 Технологическая специализация\Python specialization\3_Django\.venv\Lib\site-packages\django\views\generic\base.py", line 104, in view
    return self.dispatch(request, *args, **kwargs)
           ^^^^^^^^^^^^^^^^^^^^^^^^^^^^^^^^^^^^^^^
  File "G:\GeekBrains\1_Учебный процесс\3 Технологическая специализация\Python specialization\3_Django\.venv\Lib\site-packages\django\utils\decorators.py", line 48, in _wrapper
    return bound_method(*args, **kwargs)
           ^^^^^^^^^^^^^^^^^^^^^^^^^^^^^
  File "G:\GeekBrains\1_Учебный процесс\3 Технологическая специализация\Python specialization\3_Django\.venv\Lib\site-packages\django\views\decorators\debug.py", line 143, in sensitive_post_parameters_wrapper
    return view(request, *args, **kwargs)
           ^^^^^^^^^^^^^^^^^^^^^^^^^^^^^^
  File "G:\GeekBrains\1_Учебный процесс\3 Технологическая специализация\Python specialization\3_Django\.venv\Lib\site-packages\django\utils\decorators.py", line 48, in _wrapper
    return bound_method(*args, **kwargs)
           ^^^^^^^^^^^^^^^^^^^^^^^^^^^^^
  File "G:\GeekBrains\1_Учебный процесс\3 Технологическая специализация\Python specialization\3_Django\.venv\Lib\site-packages\django\utils\decorators.py", line 188, in _view_wrapper
    result = _process_exception(request, e)
             ^^^^^^^^^^^^^^^^^^^^^^^^^^^^^^
  File "G:\GeekBrains\1_Учебный процесс\3 Технологическая специализация\Python specialization\3_Django\.venv\Lib\site-packages\django\utils\decorators.py", line 186, in _view_wrapper
    response = view_func(request, *args, **kwargs)
               ^^^^^^^^^^^^^^^^^^^^^^^^^^^^^^^^^^^
  File "G:\GeekBrains\1_Учебный процесс\3 Технологическая специализация\Python specialization\3_Django\.venv\Lib\site-packages\django\utils\decorators.py", line 48, in _wrapper
    return bound_method(*args, **kwargs)
           ^^^^^^^^^^^^^^^^^^^^^^^^^^^^^
  File "G:\GeekBrains\1_Учебный процесс\3 Технологическая специализация\Python specialization\3_Django\.venv\Lib\site-packages\django\views\decorators\cache.py", line 80, in _view_wrapper
    response = view_func(request, *args, **kwargs)
               ^^^^^^^^^^^^^^^^^^^^^^^^^^^^^^^^^^^
  File "G:\GeekBrains\1_Учебный процесс\3 Технологическая специализация\Python specialization\3_Django\.venv\Lib\site-packages\django\contrib\auth\views.py", line 88, in dispatch
    return super().dispatch(request, *args, **kwargs)
           ^^^^^^^^^^^^^^^^^^^^^^^^^^^^^^^^^^^^^^^^^^
  File "G:\GeekBrains\1_Учебный процесс\3 Технологическая специализация\Python specialization\3_Django\.venv\Lib\site-packages\django\views\generic\base.py", line 143, in dispatch
    return handler(request, *args, **kwargs)
           ^^^^^^^^^^^^^^^^^^^^^^^^^^^^^^^^^
  File "G:\GeekBrains\1_Учебный процесс\3 Технологическая специализация\Python specialization\3_Django\.venv\Lib\site-packages\django\views\generic\edit.py", line 151, in post
    return self.form_valid(form)
           ^^^^^^^^^^^^^^^^^^^^^
  File "G:\GeekBrains\1_Учебный процесс\3 Технологическая специализация\Python specialization\3_Django\.venv\Lib\site-packages\django\contrib\auth\views.py", line 107, in form_valid
    auth_login(self.request, form.get_user())
  File "G:\GeekBrains\1_Учебный процесс\3 Технологическая специализация\Python specialization\3_Django\.venv\Lib\site-packages\django\contrib\auth\__init__.py", line 126, in login
    request.session.cycle_key()
  File "G:\GeekBrains\1_Учебный процесс\3 Технологическая специализация\Python specialization\3_Django\.venv\Lib\site-packages\django\contrib\sessions\backends\base.py", line 304, in cycle_key
    self.create()
  File "G:\GeekBrains\1_Учебный процесс\3 Технологическая специализация\Python specialization\3_Django\.venv\Lib\site-packages\django\contrib\sessions\backends\db.py", line 54, in create
    self.save(must_create=True)
  File "G:\GeekBrains\1_Учебный процесс\3 Технологическая специализация\Python specialization\3_Django\.venv\Lib\site-packages\django\contrib\sessions\backends\db.py", line 85, in save
    with transaction.atomic(using=using):
  File "G:\GeekBrains\1_Учебный процесс\3 Технологическая специализация\Python specialization\3_Django\.venv\Lib\site-packages\django\db\transaction.py", line 263, in __exit__
    connection.commit()
  File "G:\GeekBrains\1_Учебный процесс\3 Технологическая специализация\Python specialization\3_Django\.venv\Lib\site-packages\django\utils\asyncio.py", line 26, in inner
    return func(*args, **kwargs)
           ^^^^^^^^^^^^^^^^^^^^^
  File "G:\GeekBrains\1_Учебный процесс\3 Технологическая специализация\Python specialization\3_Django\.venv\Lib\site-packages\django\db\backends\base\base.py", line 323, in commit
    self._commit()
  File "G:\GeekBrains\1_Учебный процесс\3 Технологическая специализация\Python specialization\3_Django\.venv\Lib\site-packages\django\db\backends\base\base.py", line 298, in _commit
    with debug_transaction(self, "COMMIT"), self.wrap_database_errors:
  File "G:\GeekBrains\1_Учебный процесс\3 Технологическая специализация\Python specialization\3_Django\.venv\Lib\site-packages\django\db\utils.py", line 91, in __exit__
    raise dj_exc_value.with_traceback(traceback) from exc_value
  File "G:\GeekBrains\1_Учебный процесс\3 Технологическая специализация\Python specialization\3_Django\.venv\Lib\site-packages\django\db\backends\base\base.py", line 299, in _commit
    return self.connection.commit()
           ^^^^^^^^^^^^^^^^^^^^^^^^
django.db.utils.OperationalError: database is locked
ERROR 2024-03-25 21:00:56,214 basehttp 19452 17304 "POST /admin/login/?next=/admin/ HTTP/1.1" 500 191541
INFO 2024-03-25 21:01:19,353 basehttp 19452 17304 "GET /admin/ HTTP/1.1" 302 0
INFO 2024-03-25 21:01:19,366 basehttp 19452 17304 "GET /admin/login/?next=/admin/ HTTP/1.1" 200 4359
INFO 2024-03-25 21:01:59,037 autoreload 17508 4312 Watching for file changes with StatReloader
INFO 2024-03-25 21:02:02,450 basehttp 17508 19804 "GET /admin/login/?next=/admin/ HTTP/1.1" 200 4359
INFO 2024-03-25 21:02:12,979 basehttp 17508 19804 "POST /admin/login/?next=/admin/ HTTP/1.1" 302 0
INFO 2024-03-25 21:02:13,015 basehttp 17508 19804 "GET /admin/ HTTP/1.1" 200 5944
INFO 2024-03-25 21:02:13,076 basehttp 17508 19804 "GET /static/admin/css/dashboard.css HTTP/1.1" 200 441
INFO 2024-03-25 21:02:13,082 basehttp 17508 13688 "GET /static/admin/img/icon-changelink.svg HTTP/1.1" 200 380
INFO 2024-03-25 21:02:13,082 basehttp 17508 19804 "GET /static/admin/img/icon-addlink.svg HTTP/1.1" 200 331
INFO 2024-03-25 21:04:35,939 basehttp 17508 13688 "GET /admin/auth/user/ HTTP/1.1" 200 11914
INFO 2024-03-25 21:04:35,976 basehttp 17508 12788 "GET /static/admin/js/jquery.init.js HTTP/1.1" 200 347
INFO 2024-03-25 21:04:35,997 basehttp 17508 13688 "GET /static/admin/css/changelists.css HTTP/1.1" 200 6811
INFO 2024-03-25 21:04:36,007 basehttp 17508 12788 "GET /static/admin/js/actions.js HTTP/1.1" 200 8067
INFO 2024-03-25 21:04:36,008 basehttp 17508 13688 "GET /static/admin/js/urlify.js HTTP/1.1" 200 7887
INFO 2024-03-25 21:04:36,008 basehttp 17508 11580 "GET /static/admin/js/core.js HTTP/1.1" 200 6208
INFO 2024-03-25 21:04:36,012 basehttp 17508 11580 "GET /static/admin/img/search.svg HTTP/1.1" 200 458
INFO 2024-03-25 21:04:36,012 basehttp 17508 12788 "GET /static/admin/js/prepopulate.js HTTP/1.1" 200 1531
INFO 2024-03-25 21:04:36,016 basehttp 17508 11580 "GET /static/admin/img/icon-yes.svg HTTP/1.1" 200 436
INFO 2024-03-25 21:04:36,028 basehttp 17508 19208 "GET /static/admin/js/vendor/jquery/jquery.js HTTP/1.1" 200 285314
INFO 2024-03-25 21:04:36,029 basehttp 17508 19944 "GET /static/admin/js/admin/RelatedObjectLookups.js HTTP/1.1" 200 9042
INFO 2024-03-25 21:04:36,030 basehttp 17508 13688 "GET /static/admin/js/vendor/xregexp/xregexp.js HTTP/1.1" 200 325171
INFO 2024-03-25 21:04:36,054 basehttp 17508 19804 "GET /admin/jsi18n/ HTTP/1.1" 200 17546
INFO 2024-03-25 21:04:36,054 basehttp 17508 13688 "GET /static/admin/js/filters.js HTTP/1.1" 200 978
INFO 2024-03-25 21:04:36,080 basehttp 17508 19944 "GET /static/admin/img/icon-viewlink.svg HTTP/1.1" 200 581
INFO 2024-03-25 21:04:36,080 basehttp 17508 13688 "GET /static/admin/img/tooltag-add.svg HTTP/1.1" 200 331
INFO 2024-03-25 21:04:36,089 basehttp 17508 19804 "GET /static/admin/img/sorting-icons.svg HTTP/1.1" 200 1097
INFO 2024-03-25 21:05:12,720 basehttp 17508 19804 "GET /admin/auth/user/add/ HTTP/1.1" 200 11238
INFO 2024-03-25 21:05:12,735 basehttp 17508 19804 "GET /static/admin/css/forms.css HTTP/1.1" 200 9090
INFO 2024-03-25 21:05:12,742 basehttp 17508 19944 "GET /static/admin/js/prepopulate_init.js HTTP/1.1" 200 586
INFO 2024-03-25 21:05:12,748 basehttp 17508 13688 "GET /admin/jsi18n/ HTTP/1.1" 200 17546
INFO 2024-03-25 21:05:12,749 basehttp 17508 19804 "GET /static/admin/css/widgets.css HTTP/1.1" 200 11800
INFO 2024-03-25 21:05:12,754 basehttp 17508 19804 "GET /static/admin/js/change_form.js HTTP/1.1" 200 606
INFO 2024-03-25 21:06:19,571 basehttp 17508 19804 "POST /admin/auth/user/add/ HTTP/1.1" 200 11766
INFO 2024-03-25 21:06:19,604 basehttp 17508 19804 "GET /admin/jsi18n/ HTTP/1.1" 200 17546
INFO 2024-03-25 21:07:01,378 basehttp 17508 19804 "POST /admin/auth/user/add/ HTTP/1.1" 200 11566
INFO 2024-03-25 21:07:01,402 basehttp 17508 19804 "GET /admin/jsi18n/ HTTP/1.1" 200 17546
INFO 2024-03-25 21:07:25,021 basehttp 17508 19804 "POST /admin/auth/user/add/ HTTP/1.1" 302 0
INFO 2024-03-25 21:07:25,064 basehttp 17508 19804 "GET /admin/auth/user/2/change/ HTTP/1.1" 200 24986
INFO 2024-03-25 21:07:25,090 basehttp 17508 19804 "GET /admin/jsi18n/ HTTP/1.1" 200 17546
INFO 2024-03-25 21:07:25,095 basehttp 17508 19208 "GET /static/admin/js/SelectBox.js HTTP/1.1" 200 4530
INFO 2024-03-25 21:07:25,095 basehttp 17508 11580 "GET /static/admin/js/SelectFilter2.js HTTP/1.1" 200 15492
INFO 2024-03-25 21:07:25,095 basehttp 17508 13688 "GET /static/admin/js/calendar.js HTTP/1.1" 200 9141
INFO 2024-03-25 21:07:25,096 basehttp 17508 19944 "GET /static/admin/js/admin/DateTimeShortcuts.js HTTP/1.1" 200 19319
INFO 2024-03-25 21:07:25,143 basehttp 17508 11580 "GET /static/admin/img/icon-unknown.svg HTTP/1.1" 200 655
INFO 2024-03-25 21:07:25,144 basehttp 17508 13688 "GET /static/admin/img/icon-unknown-alt.svg HTTP/1.1" 200 655
INFO 2024-03-25 21:07:25,144 basehttp 17508 19208 "GET /static/admin/img/icon-calendar.svg HTTP/1.1" 200 1086
INFO 2024-03-25 21:07:25,144 basehttp 17508 19804 "GET /static/admin/img/icon-clock.svg HTTP/1.1" 200 677
INFO 2024-03-25 21:07:25,145 basehttp 17508 19944 "GET /static/admin/img/selector-icons.svg HTTP/1.1" 200 3291
INFO 2024-03-25 21:09:56,850 basehttp 17508 19944 "POST /admin/auth/user/2/change/ HTTP/1.1" 302 0
INFO 2024-03-25 21:09:56,864 basehttp 17508 19944 "GET /admin/auth/user/ HTTP/1.1" 200 12647
INFO 2024-03-25 21:09:56,887 basehttp 17508 19944 "GET /admin/jsi18n/ HTTP/1.1" 200 17546
INFO 2024-03-25 21:10:05,916 basehttp 17508 19944 "GET /admin/auth/group/ HTTP/1.1" 200 7783
INFO 2024-03-25 21:10:05,934 basehttp 17508 19944 "GET /admin/jsi18n/ HTTP/1.1" 200 17546
INFO 2024-03-25 21:10:10,169 basehttp 17508 19944 "GET /admin/auth/group/add/ HTTP/1.1" 200 14125
INFO 2024-03-25 21:10:10,196 basehttp 17508 19944 "GET /admin/jsi18n/ HTTP/1.1" 200 17546
INFO 2024-03-25 21:11:11,882 basehttp 17508 19944 "POST /admin/auth/group/add/ HTTP/1.1" 302 0
INFO 2024-03-25 21:11:11,899 basehttp 17508 19944 "GET /admin/auth/group/ HTTP/1.1" 200 9518
INFO 2024-03-25 21:11:11,929 basehttp 17508 19944 "GET /admin/jsi18n/ HTTP/1.1" 200 17546
INFO 2024-03-25 21:11:16,452 basehttp 17508 19944 "GET /admin/auth/user/ HTTP/1.1" 200 12733
INFO 2024-03-25 21:11:16,479 basehttp 17508 19944 "GET /admin/jsi18n/ HTTP/1.1" 200 17546
INFO 2024-03-25 21:11:17,922 basehttp 17508 19944 "GET /admin/auth/user/2/change/ HTTP/1.1" 200 24762
INFO 2024-03-25 21:11:17,949 basehttp 17508 19944 "GET /admin/jsi18n/ HTTP/1.1" 200 17546
INFO 2024-03-25 21:11:34,070 basehttp 17508 19944 "POST /admin/auth/user/2/change/ HTTP/1.1" 302 0
INFO 2024-03-25 21:11:34,083 basehttp 17508 19944 "GET /admin/auth/user/ HTTP/1.1" 200 12953
INFO 2024-03-25 21:11:34,103 basehttp 17508 19944 "GET /admin/jsi18n/ HTTP/1.1" 200 17546
INFO 2024-03-25 21:11:47,995 basehttp 17508 19944 "POST /admin/logout/ HTTP/1.1" 200 3817
INFO 2024-03-25 21:11:53,058 basehttp 17508 19944 "GET /admin/ HTTP/1.1" 302 0
INFO 2024-03-25 21:11:53,071 basehttp 17508 19944 "GET /admin/login/?next=/admin/ HTTP/1.1" 200 4359
INFO 2024-03-25 21:12:04,938 basehttp 17508 19944 "POST /admin/login/?next=/admin/ HTTP/1.1" 302 0
INFO 2024-03-25 21:12:04,948 basehttp 17508 19944 "GET /admin/ HTTP/1.1" 200 4899
INFO 2024-03-25 21:21:04,284 autoreload 15940 14236 Watching for file changes with StatReloader
INFO 2024-03-25 21:21:07,245 basehttp 15940 6204 "GET /admin/ HTTP/1.1" 200 4899
INFO 2024-03-25 21:21:20,041 basehttp 15940 6204 "POST /admin/logout/ HTTP/1.1" 200 3817
INFO 2024-03-25 21:21:23,688 basehttp 15940 6204 "GET /admin/ HTTP/1.1" 302 0
INFO 2024-03-25 21:21:23,703 basehttp 15940 6204 "GET /admin/login/?next=/admin/ HTTP/1.1" 200 4359
INFO 2024-03-25 21:21:32,671 basehttp 15940 6204 "POST /admin/login/?next=/admin/ HTTP/1.1" 302 0
INFO 2024-03-25 21:21:32,683 basehttp 15940 6204 "GET /admin/ HTTP/1.1" 200 8576
INFO 2024-03-25 21:23:27,513 autoreload 15940 14236 G:\GeekBrains\1_Учебный процесс\3 Технологическая специализация\Python specialization\3_Django\myproject\myapp3\admin.py changed, reloading.
INFO 2024-03-25 21:23:28,032 autoreload 1076 9580 Watching for file changes with StatReloader
INFO 2024-03-25 21:24:00,090 basehttp 1076 3376 "GET /admin/ HTTP/1.1" 200 9691
INFO 2024-03-25 21:24:52,980 basehttp 1076 3376 "POST /admin/logout/ HTTP/1.1" 200 3817
INFO 2024-03-25 21:24:54,391 basehttp 1076 3376 "GET /admin/ HTTP/1.1" 302 0
INFO 2024-03-25 21:24:54,404 basehttp 1076 3376 "GET /admin/login/?next=/admin/ HTTP/1.1" 200 4359
INFO 2024-03-25 21:25:03,505 basehttp 1076 3376 "POST /admin/login/?next=/admin/ HTTP/1.1" 302 0
INFO 2024-03-25 21:25:03,518 basehttp 1076 3376 "GET /admin/ HTTP/1.1" 200 5438
INFO 2024-03-25 21:25:11,019 basehttp 1076 3376 "GET /admin/myapp3/post/ HTTP/1.1" 200 8227
INFO 2024-03-25 21:25:36,320 basehttp 1076 3376 "GET /admin/myapp3/post/1/change/ HTTP/1.1" 200 10549
INFO 2024-03-25 21:25:36,345 basehttp 1076 3376 "GET /admin/jsi18n/ HTTP/1.1" 200 17546
INFO 2024-03-25 21:25:42,877 basehttp 1076 3376 "POST /admin/myapp3/post/1/change/ HTTP/1.1" 302 0
INFO 2024-03-25 21:25:42,889 basehttp 1076 3376 "GET /admin/myapp3/post/ HTTP/1.1" 200 8441
INFO 2024-03-25 21:25:54,004 basehttp 1076 3376 "GET /admin/myapp3/post/1/change/ HTTP/1.1" 200 10565
INFO 2024-03-25 21:25:54,029 basehttp 1076 3376 "GET /admin/jsi18n/ HTTP/1.1" 200 17546
INFO 2024-03-25 21:25:59,072 basehttp 1076 3376 "POST /admin/myapp3/post/1/change/ HTTP/1.1" 302 0
INFO 2024-03-25 21:25:59,085 basehttp 1076 3376 "GET /admin/myapp3/post/ HTTP/1.1" 200 8441
INFO 2024-03-25 21:26:00,260 basehttp 1076 3376 "GET /admin/myapp3/post/1/change/ HTTP/1.1" 200 10543
INFO 2024-03-25 21:26:00,279 basehttp 1076 3376 "GET /admin/jsi18n/ HTTP/1.1" 200 17546
INFO 2024-03-25 21:26:07,783 basehttp 1076 3376 "POST /admin/logout/ HTTP/1.1" 200 3817
INFO 2024-03-25 21:26:09,241 basehttp 1076 3376 "GET /admin/ HTTP/1.1" 302 0
INFO 2024-03-25 21:26:09,248 basehttp 1076 3376 "GET /admin/login/?next=/admin/ HTTP/1.1" 200 4359
INFO 2024-03-25 21:26:18,347 basehttp 1076 3376 "POST /admin/login/?next=/admin/ HTTP/1.1" 302 0
INFO 2024-03-25 21:26:18,361 basehttp 1076 3376 "GET /admin/ HTTP/1.1" 200 9691
INFO 2024-03-25 21:26:24,827 basehttp 1076 3376 "GET /admin/myapp3/post/ HTTP/1.1" 200 13694
INFO 2024-03-25 21:26:24,853 basehttp 1076 3376 "GET /admin/jsi18n/ HTTP/1.1" 200 17546
INFO 2024-03-25 21:26:26,665 basehttp 1076 3376 "GET /admin/myapp3/post/1/change/ HTTP/1.1" 200 13729
INFO 2024-03-25 21:26:26,689 basehttp 1076 3376 "GET /admin/jsi18n/ HTTP/1.1" 200 17546
INFO 2024-03-25 21:26:29,936 basehttp 1076 3376 "GET /admin/ HTTP/1.1" 200 9691
INFO 2024-03-25 21:26:37,146 basehttp 1076 3376 "GET /admin/myapp5/category/ HTTP/1.1" 200 9108
INFO 2024-03-25 21:26:37,172 basehttp 1076 3376 "GET /admin/jsi18n/ HTTP/1.1" 200 17546
INFO 2024-03-25 21:26:38,984 basehttp 1076 3376 "GET /admin/myapp5/category/add/ HTTP/1.1" 200 9949
INFO 2024-03-25 21:26:39,015 basehttp 1076 3376 "GET /admin/jsi18n/ HTTP/1.1" 200 17546
INFO 2024-03-25 21:26:52,418 basehttp 1076 3376 "POST /admin/myapp5/category/add/ HTTP/1.1" 302 0
INFO 2024-03-25 21:26:52,429 basehttp 1076 3376 "GET /admin/myapp5/category/add/ HTTP/1.1" 200 10239
INFO 2024-03-25 21:26:52,452 basehttp 1076 3376 "GET /admin/jsi18n/ HTTP/1.1" 200 17546
INFO 2024-03-25 21:26:58,070 basehttp 1076 3376 "POST /admin/myapp5/category/add/ HTTP/1.1" 302 0
INFO 2024-03-25 21:26:58,086 basehttp 1076 3376 "GET /admin/myapp5/category/ HTTP/1.1" 200 11175
INFO 2024-03-25 21:26:58,112 basehttp 1076 3376 "GET /admin/jsi18n/ HTTP/1.1" 200 17546
INFO 2024-03-25 21:27:11,265 basehttp 1076 3376 "GET /admin/myapp5/product/ HTTP/1.1" 200 9101
INFO 2024-03-25 21:27:11,288 basehttp 1076 3376 "GET /admin/jsi18n/ HTTP/1.1" 200 17546
INFO 2024-03-25 21:27:12,658 basehttp 1076 3376 "GET /admin/myapp5/product/add/ HTTP/1.1" 200 11818
INFO 2024-03-25 21:27:12,682 basehttp 1076 3376 "GET /admin/jsi18n/ HTTP/1.1" 200 17546
INFO 2024-03-25 21:27:26,049 basehttp 1076 3376 "POST /admin/myapp5/product/add/ HTTP/1.1" 302 0
INFO 2024-03-25 21:27:26,062 basehttp 1076 3376 "GET /admin/myapp5/product/add/ HTTP/1.1" 200 12099
INFO 2024-03-25 21:27:26,089 basehttp 1076 3376 "GET /admin/jsi18n/ HTTP/1.1" 200 17546
INFO 2024-03-25 21:27:37,261 basehttp 1076 3376 "POST /admin/myapp5/product/add/ HTTP/1.1" 302 0
INFO 2024-03-25 21:27:37,276 basehttp 1076 3376 "GET /admin/myapp5/product/add/ HTTP/1.1" 200 12105
INFO 2024-03-25 21:27:37,295 basehttp 1076 3376 "GET /admin/jsi18n/ HTTP/1.1" 200 17546
INFO 2024-03-25 21:27:50,852 basehttp 1076 3376 "GET /admin/myapp5/category/add/?_to_field=id&_popup=1 HTTP/1.1" 200 4444
INFO 2024-03-25 21:27:50,889 basehttp 1076 3376 "GET /admin/jsi18n/ HTTP/1.1" 200 17546
INFO 2024-03-25 21:28:11,405 basehttp 1076 3376 "POST /admin/myapp5/category/add/?_to_field=id&_popup=1 HTTP/1.1" 200 403
INFO 2024-03-25 21:28:11,472 basehttp 1076 3376 "GET /static/admin/js/popup_response.js HTTP/1.1" 200 551
INFO 2024-03-25 21:28:28,659 basehttp 1076 3376 "POST /admin/myapp5/product/add/ HTTP/1.1" 302 0
INFO 2024-03-25 21:28:28,675 basehttp 1076 3376 "GET /admin/myapp5/product/add/ HTTP/1.1" 200 12146
INFO 2024-03-25 21:28:28,701 basehttp 1076 3376 "GET /admin/jsi18n/ HTTP/1.1" 200 17546
INFO 2024-03-25 21:28:40,153 basehttp 1076 3376 "POST /admin/myapp5/product/add/ HTTP/1.1" 302 0
INFO 2024-03-25 21:28:40,167 basehttp 1076 3376 "GET /admin/myapp5/product/ HTTP/1.1" 200 11836
INFO 2024-03-25 21:28:40,190 basehttp 1076 3376 "GET /admin/jsi18n/ HTTP/1.1" 200 17546
INFO 2024-03-25 21:29:04,015 basehttp 1076 3376 "GET /admin/myapp5/product/1/change/ HTTP/1.1" 200 12079
INFO 2024-03-25 21:29:04,040 basehttp 1076 3376 "GET /admin/jsi18n/ HTTP/1.1" 200 17546
INFO 2024-03-25 21:29:06,926 basehttp 1076 3376 "GET /admin/myapp5/product/1/delete/ HTTP/1.1" 200 9155
INFO 2024-03-25 21:29:06,942 basehttp 1076 3376 "GET /static/admin/js/cancel.js HTTP/1.1" 200 884
INFO 2024-03-25 21:29:28,465 basehttp 1076 3376 "POST /admin/myapp5/product/1/delete/ HTTP/1.1" 302 0
INFO 2024-03-25 21:29:28,480 basehttp 1076 3376 "GET /admin/myapp5/product/ HTTP/1.1" 200 11456
INFO 2024-03-25 21:29:28,501 basehttp 1076 3376 "GET /admin/jsi18n/ HTTP/1.1" 200 17546
INFO 2024-03-25 21:30:52,949 basehttp 1076 3376 "GET /admin/ HTTP/1.1" 200 11791
INFO 2024-03-25 21:30:52,974 basehttp 1076 3376 "GET /static/admin/img/icon-deletelink.svg HTTP/1.1" 200 392
INFO 2024-03-25 21:33:44,371 autoreload 1076 9580 G:\GeekBrains\1_Учебный процесс\3 Технологическая специализация\Python specialization\3_Django\myproject\myapp5\models.py changed, reloading.
INFO 2024-03-25 21:33:44,948 autoreload 11324 19716 Watching for file changes with StatReloader
INFO 2024-03-25 21:40:25,220 autoreload 12976 14052 Watching for file changes with StatReloader
INFO 2024-03-25 21:40:28,409 basehttp 12976 2588 "GET /admin/ HTTP/1.1" 200 11791
INFO 2024-03-25 21:40:29,235 basehttp 12976 2588 "GET /admin/ HTTP/1.1" 200 11791
INFO 2024-03-25 21:40:30,670 basehttp 12976 2588 "GET /admin/ HTTP/1.1" 200 11791
INFO 2024-03-25 21:40:31,181 basehttp 12976 2588 "GET /admin/ HTTP/1.1" 200 11791
INFO 2024-03-25 21:40:31,588 basehttp 12976 2588 "GET /admin/ HTTP/1.1" 200 11791
INFO 2024-03-25 21:40:33,375 basehttp 12976 2588 "GET /admin/ HTTP/1.1" 200 11791
INFO 2024-03-25 21:40:41,640 basehttp 12976 2588 "GET /admin/myapp5/product/ HTTP/1.1" 200 11294
INFO 2024-03-25 21:40:41,669 basehttp 12976 2588 "GET /admin/jsi18n/ HTTP/1.1" 200 17546
INFO 2024-03-25 21:40:51,902 basehttp 12976 2588 "GET /admin/myapp5/product/4/change/ HTTP/1.1" 200 14635
INFO 2024-03-25 21:40:51,927 basehttp 12976 2588 "GET /admin/jsi18n/ HTTP/1.1" 200 17546
INFO 2024-03-25 21:41:27,085 basehttp 12976 2588 "POST /admin/myapp5/product/4/change/ HTTP/1.1" 302 0
INFO 2024-03-25 21:41:27,103 basehttp 12976 2588 "GET /admin/myapp5/product/ HTTP/1.1" 200 11512
INFO 2024-03-25 21:41:27,131 basehttp 12976 2588 "GET /admin/jsi18n/ HTTP/1.1" 200 17546
INFO 2024-03-25 21:41:30,380 basehttp 12976 2588 "GET /admin/myapp5/product/4/change/ HTTP/1.1" 200 14635
INFO 2024-03-25 21:41:30,402 basehttp 12976 2588 "GET /admin/jsi18n/ HTTP/1.1" 200 17546
INFO 2024-03-25 21:41:33,648 basehttp 12976 2588 "GET /admin/myapp5/product/ HTTP/1.1" 200 11294
INFO 2024-03-25 21:41:33,667 basehttp 12976 2588 "GET /admin/jsi18n/ HTTP/1.1" 200 17546
INFO 2024-03-25 21:48:41,929 autoreload 12976 14052 G:\GeekBrains\1_Учебный процесс\3 Технологическая специализация\Python specialization\3_Django\myproject\myapp5\admin.py changed, reloading.
INFO 2024-03-25 21:48:42,457 autoreload 3480 1620 Watching for file changes with StatReloader
INFO 2024-03-25 21:48:47,720 basehttp 3480 16184 "GET /admin/myapp5/product/ HTTP/1.1" 200 11294
INFO 2024-03-25 21:48:47,738 basehttp 3480 16184 "GET /admin/jsi18n/ HTTP/1.1" 200 17546
INFO 2024-03-25 21:48:49,594 basehttp 3480 16184 "GET /admin/myapp5/product/ HTTP/1.1" 200 11294
INFO 2024-03-25 21:48:49,611 basehttp 3480 16184 "GET /admin/jsi18n/ HTTP/1.1" 200 17546
INFO 2024-03-25 21:48:52,127 basehttp 3480 16184 "GET /admin/myapp5/product/ HTTP/1.1" 200 11294
INFO 2024-03-25 21:48:52,145 basehttp 3480 16184 "GET /admin/jsi18n/ HTTP/1.1" 200 17546
INFO 2024-03-25 21:49:11,910 basehttp 3480 16184 "GET /admin/myapp5/product/2/change/ HTTP/1.1" 200 14627
INFO 2024-03-25 21:49:11,938 basehttp 3480 16184 "GET /admin/jsi18n/ HTTP/1.1" 200 17546
INFO 2024-03-25 21:49:15,373 basehttp 3480 16184 "GET /admin/myapp5/product/ HTTP/1.1" 200 11294
INFO 2024-03-25 21:49:15,398 basehttp 3480 16184 "GET /admin/jsi18n/ HTTP/1.1" 200 17546
INFO 2024-03-25 21:49:41,205 basehttp 3480 16184 "GET /admin/myapp5/product/ HTTP/1.1" 200 11294
INFO 2024-03-25 21:49:41,231 basehttp 3480 16184 "GET /admin/jsi18n/ HTTP/1.1" 200 17546
INFO 2024-03-25 21:50:08,996 autoreload 3480 1620 G:\GeekBrains\1_Учебный процесс\3 Технологическая специализация\Python specialization\3_Django\myproject\myapp5\admin.py changed, reloading.
INFO 2024-03-25 21:50:09,598 autoreload 19256 11436 Watching for file changes with StatReloader
INFO 2024-03-25 21:50:12,677 basehttp 19256 13920 "GET /admin/myapp5/product/ HTTP/1.1" 200 11832
INFO 2024-03-25 21:50:12,701 basehttp 19256 13920 "GET /admin/jsi18n/ HTTP/1.1" 200 17546
INFO 2024-03-25 21:50:33,403 basehttp 19256 13920 "GET /admin/myapp5/product/?o=1 HTTP/1.1" 200 12240
INFO 2024-03-25 21:50:33,424 basehttp 19256 13920 "GET /admin/jsi18n/ HTTP/1.1" 200 17546
INFO 2024-03-25 21:50:35,870 basehttp 19256 13920 "GET /admin/myapp5/product/?o=2.1 HTTP/1.1" 200 12730
INFO 2024-03-25 21:50:35,891 basehttp 19256 13920 "GET /admin/jsi18n/ HTTP/1.1" 200 17546
INFO 2024-03-25 21:50:37,298 basehttp 19256 13920 "GET /admin/myapp5/product/?o=3.2.1 HTTP/1.1" 200 13143
INFO 2024-03-25 21:50:37,317 basehttp 19256 13920 "GET /admin/jsi18n/ HTTP/1.1" 200 17546
INFO 2024-03-25 21:50:40,838 basehttp 19256 13920 "GET /admin/myapp5/product/?o=-1.3.2 HTTP/1.1" 200 13153
INFO 2024-03-25 21:50:40,865 basehttp 19256 13920 "GET /admin/jsi18n/ HTTP/1.1" 200 17546
INFO 2024-03-25 21:51:06,594 basehttp 19256 13920 "GET /admin/myapp5/product/?o=-1.2 HTTP/1.1" 200 12738
INFO 2024-03-25 21:51:06,620 basehttp 19256 13920 "GET /admin/jsi18n/ HTTP/1.1" 200 17546
INFO 2024-03-25 21:52:01,853 autoreload 19256 11436 G:\GeekBrains\1_Учебный процесс\3 Технологическая специализация\Python specialization\3_Django\myproject\myapp5\admin.py changed, reloading.
INFO 2024-03-25 21:52:02,637 autoreload 1892 5108 Watching for file changes with StatReloader
INFO 2024-03-25 21:52:35,789 autoreload 1892 5108 G:\GeekBrains\1_Учебный процесс\3 Технологическая специализация\Python specialization\3_Django\myproject\myapp5\admin.py changed, reloading.
INFO 2024-03-25 21:52:36,336 autoreload 15900 11736 Watching for file changes with StatReloader
INFO 2024-03-25 21:53:07,413 autoreload 15900 11736 G:\GeekBrains\1_Учебный процесс\3 Технологическая специализация\Python specialization\3_Django\myproject\myapp5\admin.py changed, reloading.
INFO 2024-03-25 21:53:07,897 autoreload 13772 1576 Watching for file changes with StatReloader
INFO 2024-03-25 21:53:14,018 basehttp 13772 15328 "GET /admin/myapp5/product/?o=-1.2 HTTP/1.1" 200 12738
INFO 2024-03-25 21:53:14,042 basehttp 13772 15328 "GET /admin/jsi18n/ HTTP/1.1" 200 17546
INFO 2024-03-25 21:53:35,269 basehttp 13772 15328 "GET /admin/myapp5/product/?o=-1.-2 HTTP/1.1" 200 12746
INFO 2024-03-25 21:53:35,287 basehttp 13772 15328 "GET /admin/jsi18n/ HTTP/1.1" 200 17546
INFO 2024-03-25 21:53:37,360 basehttp 13772 15328 "GET /admin/myapp5/product/?o=1.-2 HTTP/1.1" 200 12738
INFO 2024-03-25 21:53:37,382 basehttp 13772 15328 "GET /admin/jsi18n/ HTTP/1.1" 200 17546
INFO 2024-03-25 21:54:12,184 basehttp 13772 15328 "GET /admin/myapp5/product/?o=-1.-2 HTTP/1.1" 200 12746
INFO 2024-03-25 21:54:12,211 basehttp 13772 15328 "GET /admin/jsi18n/ HTTP/1.1" 200 17546
INFO 2024-03-25 21:54:56,007 autoreload 13772 1576 G:\GeekBrains\1_Учебный процесс\3 Технологическая специализация\Python specialization\3_Django\myproject\myapp5\admin.py changed, reloading.
INFO 2024-03-25 21:54:56,608 autoreload 10456 10724 Watching for file changes with StatReloader
INFO 2024-03-25 21:54:59,600 basehttp 10456 18736 "GET /admin/myapp5/product/ HTTP/1.1" 200 14022
INFO 2024-03-25 21:54:59,626 basehttp 10456 18736 "GET /admin/jsi18n/ HTTP/1.1" 200 17546
INFO 2024-03-25 21:56:23,623 basehttp 10456 18736 "GET /admin/myapp5/product/?_facets=True HTTP/1.1" 200 14415
INFO 2024-03-25 21:56:23,650 basehttp 10456 18736 "GET /admin/jsi18n/ HTTP/1.1" 200 17546
INFO 2024-03-25 21:56:23,770 basehttp 10456 18736 "GET /static/admin/img/icon-hidelink.svg HTTP/1.1" 200 784
INFO 2024-03-25 21:56:25,104 basehttp 10456 18736 "GET /admin/myapp5/product/? HTTP/1.1" 200 14022
INFO 2024-03-25 21:56:25,125 basehttp 10456 18736 "GET /admin/jsi18n/ HTTP/1.1" 200 17546
INFO 2024-03-25 21:56:28,687 basehttp 10456 18736 "GET /admin/myapp5/product/?price=999999.99 HTTP/1.1" 200 14533
INFO 2024-03-25 21:56:28,706 basehttp 10456 18736 "GET /admin/jsi18n/ HTTP/1.1" 200 17546
INFO 2024-03-25 21:56:29,969 basehttp 10456 18736 "GET /admin/myapp5/product/? HTTP/1.1" 200 14022
INFO 2024-03-25 21:56:29,989 basehttp 10456 18736 "GET /admin/jsi18n/ HTTP/1.1" 200 17546
INFO 2024-03-25 21:56:57,024 autoreload 10456 10724 G:\GeekBrains\1_Учебный процесс\3 Технологическая специализация\Python specialization\3_Django\myproject\myapp5\admin.py changed, reloading.
INFO 2024-03-25 21:56:57,530 autoreload 6000 5332 Watching for file changes with StatReloader
INFO 2024-03-25 21:57:34,777 autoreload 6000 5332 G:\GeekBrains\1_Учебный процесс\3 Технологическая специализация\Python specialization\3_Django\myproject\myapp5\admin.py changed, reloading.
INFO 2024-03-25 21:57:35,296 autoreload 17164 10184 Watching for file changes with StatReloader
INFO 2024-03-25 21:57:37,909 basehttp 17164 11520 "GET /admin/myapp5/product/? HTTP/1.1" 200 14530
INFO 2024-03-25 21:57:37,935 basehttp 17164 11520 "GET /admin/jsi18n/ HTTP/1.1" 200 17546
INFO 2024-03-25 21:57:47,032 basehttp 17164 11520 "GET /admin/myapp5/product/?q=%D1%82%D0%B2%D0%BE%D1%80%D0%BE%D0%B3 HTTP/1.1" 200 12176
INFO 2024-03-25 21:57:47,058 basehttp 17164 11520 "GET /admin/jsi18n/ HTTP/1.1" 200 17546
INFO 2024-03-25 21:57:51,483 basehttp 17164 11520 "GET /admin/myapp5/product/?q= HTTP/1.1" 200 14731
INFO 2024-03-25 21:57:51,507 basehttp 17164 11520 "GET /admin/jsi18n/ HTTP/1.1" 200 17546
INFO 2024-03-25 21:58:01,439 basehttp 17164 11520 "GET /admin/myapp5/product/?q=%D0%B2%D0%B0%D0%B2%D0%B0%D0%B2 HTTP/1.1" 200 12116
INFO 2024-03-25 21:58:01,462 basehttp 17164 11520 "GET /admin/jsi18n/ HTTP/1.1" 200 17546
INFO 2024-03-25 21:58:07,188 basehttp 17164 11520 "GET /admin/myapp5/product/?q= HTTP/1.1" 200 14731
INFO 2024-03-25 21:58:07,208 basehttp 17164 11520 "GET /admin/jsi18n/ HTTP/1.1" 200 17546
INFO 2024-03-25 21:58:36,152 basehttp 17164 11520 "GET /admin/myapp5/product/3/change/?_changelist_filters=q%3D HTTP/1.1" 200 14696
INFO 2024-03-25 21:58:36,176 basehttp 17164 11520 "GET /admin/jsi18n/ HTTP/1.1" 200 17546
INFO 2024-03-25 21:58:44,710 basehttp 17164 11520 "POST /admin/myapp5/product/3/change/?_changelist_filters=q%3D HTTP/1.1" 302 0
INFO 2024-03-25 21:58:44,726 basehttp 17164 11520 "GET /admin/myapp5/product/ HTTP/1.1" 200 14742
INFO 2024-03-25 21:58:44,760 basehttp 17164 11520 "GET /admin/jsi18n/ HTTP/1.1" 200 17546
INFO 2024-03-25 21:58:48,105 basehttp 17164 11520 "GET /admin/myapp5/product/?q=%D0%BE%D1%87%D0%B5%D0%BD%D1%8C HTTP/1.1" 200 12116
INFO 2024-03-25 21:58:48,132 basehttp 17164 11520 "GET /admin/jsi18n/ HTTP/1.1" 200 17546
INFO 2024-03-25 21:58:53,129 basehttp 17164 11520 "GET /admin/myapp5/product/?q=%D0%B2%D0%BA%D1%83%D1%81 HTTP/1.1" 200 14380
INFO 2024-03-25 21:58:53,152 basehttp 17164 11520 "GET /admin/jsi18n/ HTTP/1.1" 200 17546
INFO 2024-03-25 21:58:58,173 basehttp 17164 11520 "GET /admin/myapp5/product/?q=%D0%BE%D1%87%D0%B5%D0%BD HTTP/1.1" 200 12056
INFO 2024-03-25 21:58:58,201 basehttp 17164 11520 "GET /admin/jsi18n/ HTTP/1.1" 200 17546
INFO 2024-03-25 21:59:02,159 basehttp 17164 11520 "GET /admin/myapp5/product/?q=%D0%B2%D0%BA%D1%83%D1%81 HTTP/1.1" 200 14380
INFO 2024-03-25 21:59:02,178 basehttp 17164 11520 "GET /admin/jsi18n/ HTTP/1.1" 200 17546
INFO 2024-03-25 21:59:11,626 basehttp 17164 11520 "GET /admin/myapp5/product/?q= HTTP/1.1" 200 14731
INFO 2024-03-25 21:59:11,647 basehttp 17164 11520 "GET /admin/jsi18n/ HTTP/1.1" 200 17546
INFO 2024-03-25 22:01:12,934 autoreload 17164 10184 G:\GeekBrains\1_Учебный процесс\3 Технологическая специализация\Python specialization\3_Django\myproject\myapp5\admin.py changed, reloading.
INFO 2024-03-25 22:01:13,487 autoreload 15796 20172 Watching for file changes with StatReloader
INFO 2024-03-25 22:01:56,863 autoreload 15796 20172 G:\GeekBrains\1_Учебный процесс\3 Технологическая специализация\Python specialization\3_Django\myproject\myapp5\admin.py changed, reloading.
INFO 2024-03-25 22:01:57,416 autoreload 3988 18300 Watching for file changes with StatReloader
INFO 2024-03-25 22:03:14,053 basehttp 3988 12248 "GET /admin/myapp5/product/?q= HTTP/1.1" 200 14824
INFO 2024-03-25 22:03:14,078 basehttp 3988 12248 "GET /admin/jsi18n/ HTTP/1.1" 200 17546
INFO 2024-03-25 22:03:23,608 basehttp 3988 12248 "POST /admin/myapp5/product/?q= HTTP/1.1" 302 0
INFO 2024-03-25 22:03:23,627 basehttp 3988 12248 "GET /admin/myapp5/product/?q= HTTP/1.1" 200 14824
INFO 2024-03-25 22:03:23,652 basehttp 3988 12248 "GET /admin/jsi18n/ HTTP/1.1" 200 17546
INFO 2024-03-25 22:04:17,227 basehttp 3988 12248 "GET /admin/myapp5/category/ HTTP/1.1" 200 11306
INFO 2024-03-25 22:04:17,255 basehttp 3988 12248 "GET /admin/jsi18n/ HTTP/1.1" 200 17546
INFO 2024-03-25 22:04:18,827 basehttp 3988 12248 "GET /admin/myapp5/category/3/change/ HTTP/1.1" 200 10197
INFO 2024-03-25 22:04:18,854 basehttp 3988 12248 "GET /admin/jsi18n/ HTTP/1.1" 200 17546
INFO 2024-03-25 22:04:20,816 basehttp 3988 12248 "GET /admin/myapp5/category/ HTTP/1.1" 200 11306
INFO 2024-03-25 22:04:20,839 basehttp 3988 12248 "GET /admin/jsi18n/ HTTP/1.1" 200 17546
INFO 2024-03-25 22:07:00,097 autoreload 3988 18300 G:\GeekBrains\1_Учебный процесс\3 Технологическая специализация\Python specialization\3_Django\myproject\myapp5\admin.py changed, reloading.
INFO 2024-03-25 22:07:00,706 autoreload 3928 19780 Watching for file changes with StatReloader
INFO 2024-03-25 22:07:22,605 autoreload 3928 19780 G:\GeekBrains\1_Учебный процесс\3 Технологическая специализация\Python specialization\3_Django\myproject\myapp5\admin.py changed, reloading.
INFO 2024-03-25 22:07:23,125 autoreload 19840 19484 Watching for file changes with StatReloader
INFO 2024-03-25 22:07:49,099 autoreload 19840 19484 G:\GeekBrains\1_Учебный процесс\3 Технологическая специализация\Python specialization\3_Django\myproject\myapp5\admin.py changed, reloading.
INFO 2024-03-25 22:07:49,584 autoreload 17224 4304 Watching for file changes with StatReloader
INFO 2024-03-25 22:07:53,052 basehttp 17224 8204 "GET /admin/myapp5/product/ HTTP/1.1" 200 14623
INFO 2024-03-25 22:07:53,082 basehttp 17224 8204 "GET /admin/jsi18n/ HTTP/1.1" 200 17546
INFO 2024-03-25 22:07:54,556 basehttp 17224 8204 "GET /admin/myapp5/product/2/change/ HTTP/1.1" 200 13844
INFO 2024-03-25 22:07:54,581 basehttp 17224 8204 "GET /admin/jsi18n/ HTTP/1.1" 200 17546
INFO 2024-03-25 22:07:58,116 basehttp 17224 8204 "GET /admin/myapp5/product/2/change/ HTTP/1.1" 200 13844
INFO 2024-03-25 22:07:58,141 basehttp 17224 8204 "GET /admin/jsi18n/ HTTP/1.1" 200 17546
INFO 2024-03-25 22:09:41,011 autoreload 17224 4304 G:\GeekBrains\1_Учебный процесс\3 Технологическая специализация\Python specialization\3_Django\myproject\myapp5\admin.py changed, reloading.
INFO 2024-03-25 22:09:41,569 autoreload 7844 9228 Watching for file changes with StatReloader
INFO 2024-03-25 22:09:45,723 basehttp 7844 17200 "GET /admin/myapp5/product/2/change/ HTTP/1.1" 200 13844
INFO 2024-03-25 22:09:45,746 basehttp 7844 17200 "GET /admin/jsi18n/ HTTP/1.1" 200 17546
INFO 2024-03-25 22:11:03,983 autoreload 7844 9228 G:\GeekBrains\1_Учебный процесс\3 Технологическая специализация\Python specialization\3_Django\myproject\myapp5\admin.py changed, reloading.
INFO 2024-03-25 22:11:04,468 autoreload 6504 16164 Watching for file changes with StatReloader
INFO 2024-03-25 22:11:19,002 autoreload 6504 16164 G:\GeekBrains\1_Учебный процесс\3 Технологическая специализация\Python specialization\3_Django\myproject\myapp5\admin.py changed, reloading.
INFO 2024-03-25 22:11:19,504 autoreload 16964 3580 Watching for file changes with StatReloader
INFO 2024-03-25 22:13:23,927 autoreload 16964 3580 G:\GeekBrains\1_Учебный процесс\3 Технологическая специализация\Python specialization\3_Django\myproject\myapp5\admin.py changed, reloading.
INFO 2024-03-25 22:13:24,489 autoreload 19400 18152 Watching for file changes with StatReloader
INFO 2024-03-25 22:13:53,524 autoreload 19400 18152 G:\GeekBrains\1_Учебный процесс\3 Технологическая специализация\Python specialization\3_Django\myproject\myapp5\admin.py changed, reloading.
INFO 2024-03-25 22:13:54,062 autoreload 19624 11824 Watching for file changes with StatReloader
INFO 2024-03-25 22:14:55,843 autoreload 19624 11824 G:\GeekBrains\1_Учебный процесс\3 Технологическая специализация\Python specialization\3_Django\myproject\myapp5\admin.py changed, reloading.
INFO 2024-03-25 22:14:56,357 autoreload 18684 17304 Watching for file changes with StatReloader
INFO 2024-03-25 22:15:16,129 basehttp 18684 11196 "GET /admin/myapp5/product/2/change/ HTTP/1.1" 200 15758
INFO 2024-03-25 22:15:16,160 basehttp 18684 10552 "GET /admin/jsi18n/ HTTP/1.1" 200 17546
INFO 2024-03-25 22:15:16,321 basehttp 18684 11196 "GET /static/admin/js/collapse.js HTTP/1.1" 200 1803
INFO 2024-03-25 22:15:18,073 basehttp 18684 11196 "GET /admin/myapp5/product/ HTTP/1.1" 200 14623
INFO 2024-03-25 22:15:18,096 basehttp 18684 11196 "GET /admin/jsi18n/ HTTP/1.1" 200 17546
INFO 2024-03-25 22:15:20,076 basehttp 18684 11196 "GET /admin/myapp5/product/3/change/ HTTP/1.1" 200 15776
INFO 2024-03-25 22:15:20,094 basehttp 18684 11196 "GET /admin/jsi18n/ HTTP/1.1" 200 17546
INFO 2024-03-25 22:16:17,803 autoreload 18684 17304 G:\GeekBrains\1_Учебный процесс\3 Технологическая специализация\Python specialization\3_Django\myproject\myapp5\admin.py changed, reloading.
INFO 2024-03-25 22:16:18,318 autoreload 17524 18704 Watching for file changes with StatReloader
INFO 2024-03-25 23:18:25,569 autoreload 10876 1052 Watching for file changes with StatReloader
INFO 2024-03-25 23:18:33,756 basehttp 10876 18576 "GET / HTTP/1.1" 200 10121
INFO 2024-03-25 23:18:33,774 basehttp 10876 18576 "GET /static/debug_toolbar/css/toolbar.css HTTP/1.1" 200 12621
INFO 2024-03-25 23:18:33,774 basehttp 10876 1332 "GET /static/debug_toolbar/js/toolbar.js HTTP/1.1" 200 13578
INFO 2024-03-25 23:18:33,786 basehttp 10876 1332 "GET /static/debug_toolbar/css/print.css HTTP/1.1" 200 43
INFO 2024-03-25 23:18:33,788 basehttp 10876 18576 "GET /static/debug_toolbar/js/utils.js HTTP/1.1" 200 4527
INFO 2024-03-25 23:19:15,851 basehttp 10876 18576 "GET /__debug__/render_panel/?store_id=bf1bf6aa48d941cc99699a29d9d6b79c&panel_id=HistoryPanel HTTP/1.1" 200 2505
INFO 2024-03-25 23:19:15,855 basehttp 10876 18576 "GET /static/debug_toolbar/js/history.js HTTP/1.1" 200 3515
INFO 2024-03-25 23:20:18,506 basehttp 10876 18576 "GET /__debug__/render_panel/?store_id=bf1bf6aa48d941cc99699a29d9d6b79c&panel_id=VersionsPanel HTTP/1.1" 200 760
INFO 2024-03-25 23:20:38,272 basehttp 10876 18576 "GET /__debug__/render_panel/?store_id=bf1bf6aa48d941cc99699a29d9d6b79c&panel_id=SettingsPanel HTTP/1.1" 200 27872
INFO 2024-03-25 23:20:49,393 basehttp 10876 18576 "GET /__debug__/render_panel/?store_id=bf1bf6aa48d941cc99699a29d9d6b79c&panel_id=HeadersPanel HTTP/1.1" 200 5194
INFO 2024-03-25 23:21:45,047 basehttp 10876 18576 "GET /__debug__/render_panel/?store_id=bf1bf6aa48d941cc99699a29d9d6b79c&panel_id=RequestPanel HTTP/1.1" 200 2373
INFO 2024-03-25 23:22:26,409 basehttp 10876 18576 "GET /__debug__/render_panel/?store_id=bf1bf6aa48d941cc99699a29d9d6b79c&panel_id=SQLPanel HTTP/1.1" 200 428
INFO 2024-03-25 23:22:47,610 basehttp 10876 18576 "GET / HTTP/1.1" 200 10121
INFO 2024-03-25 23:22:47,622 basehttp 10876 18576 "GET /static/debug_toolbar/css/toolbar.css HTTP/1.1" 304 0
INFO 2024-03-25 23:22:47,624 basehttp 10876 1332 "GET /static/debug_toolbar/js/toolbar.js HTTP/1.1" 304 0
INFO 2024-03-25 23:22:47,625 basehttp 10876 18576 "GET /static/debug_toolbar/css/print.css HTTP/1.1" 304 0
INFO 2024-03-25 23:22:47,630 basehttp 10876 18576 "GET /static/debug_toolbar/js/utils.js HTTP/1.1" 304 0
INFO 2024-03-25 23:22:49,453 basehttp 10876 18576 "GET /__debug__/render_panel/?store_id=890ba88c948d4a8590ad538eb264e378&panel_id=SQLPanel HTTP/1.1" 200 428
INFO 2024-03-25 23:23:03,333 basehttp 10876 18576 "GET /__debug__/render_panel/?store_id=890ba88c948d4a8590ad538eb264e378&panel_id=StaticFilesPanel HTTP/1.1" 200 69574
INFO 2024-03-25 23:23:56,536 basehttp 10876 18576 "GET /__debug__/render_panel/?store_id=890ba88c948d4a8590ad538eb264e378&panel_id=TemplatesPanel HTTP/1.1" 200 8019
INFO 2024-03-25 23:24:14,147 basehttp 10876 18576 "GET /__debug__/render_panel/?store_id=890ba88c948d4a8590ad538eb264e378&panel_id=CachePanel HTTP/1.1" 200 1737
INFO 2024-03-25 23:24:22,846 basehttp 10876 18576 "GET /__debug__/render_panel/?store_id=890ba88c948d4a8590ad538eb264e378&panel_id=SignalsPanel HTTP/1.1" 200 2276
WARNING 2024-03-25 23:26:07,575 log 10876 18576 Not Found: /les3/user/add
WARNING 2024-03-25 23:26:07,576 basehttp 10876 18576 "GET /les3/user/add HTTP/1.1" 404 15017
INFO 2024-03-25 23:26:07,594 basehttp 10876 18576 "GET /static/debug_toolbar/css/toolbar.css HTTP/1.1" 304 0
INFO 2024-03-25 23:26:07,601 basehttp 10876 18576 "GET /static/debug_toolbar/js/toolbar.js HTTP/1.1" 304 0
INFO 2024-03-25 23:26:07,601 basehttp 10876 1332 "GET /static/debug_toolbar/css/print.css HTTP/1.1" 304 0
INFO 2024-03-25 23:26:07,609 basehttp 10876 1332 "GET /static/debug_toolbar/js/utils.js HTTP/1.1" 304 0
INFO 2024-03-25 23:26:14,345 basehttp 10876 1332 "GET /les4/user/add/ HTTP/1.1" 200 11113
INFO 2024-03-25 23:26:20,715 basehttp 10876 1332 "GET /__debug__/render_panel/?store_id=ebb577b432b64db785e57d7ad3bf6a81&panel_id=ProfilingPanel HTTP/1.1" 200 44269
INFO 2024-03-25 23:28:41,340 basehttp 10876 1332 "GET /admin/ HTTP/1.1" 200 22045
INFO 2024-03-25 23:28:41,364 basehttp 10876 1332 "GET /static/debug_toolbar/css/toolbar.css HTTP/1.1" 304 0
INFO 2024-03-25 23:28:41,364 basehttp 10876 18576 "GET /static/debug_toolbar/js/toolbar.js HTTP/1.1" 304 0
INFO 2024-03-25 23:28:41,369 basehttp 10876 18576 "GET /static/debug_toolbar/css/print.css HTTP/1.1" 304 0
INFO 2024-03-25 23:28:41,386 basehttp 10876 18576 "GET /static/debug_toolbar/js/utils.js HTTP/1.1" 304 0
INFO 2024-03-25 23:28:44,212 basehttp 10876 18576 "GET /admin/myapp5/product/ HTTP/1.1" 200 24913
INFO 2024-03-25 23:28:44,269 basehttp 10876 18576 "GET /admin/jsi18n/ HTTP/1.1" 200 17546
INFO 2024-03-25 23:28:46,712 basehttp 10876 18576 "GET /admin/myapp5/product/2/change/ HTTP/1.1" 200 26049
INFO 2024-03-25 23:28:46,775 basehttp 10876 18576 "GET /admin/jsi18n/ HTTP/1.1" 200 17546
INFO 2024-03-25 23:28:56,745 basehttp 10876 18576 "POST /admin/myapp5/product/2/change/ HTTP/1.1" 200 10873
INFO 2024-03-25 23:28:56,765 basehttp 10876 1332 "GET /static/debug_toolbar/js/redirect.js HTTP/1.1" 200 48
INFO 2024-03-25 23:29:10,104 basehttp 10876 1332 "GET /admin/ HTTP/1.1" 200 22263
INFO 2024-03-25 23:29:14,086 basehttp 10876 1332 "GET /admin/myapp5/product/ HTTP/1.1" 200 24912
INFO 2024-03-25 23:29:14,138 basehttp 10876 1332 "GET /admin/jsi18n/ HTTP/1.1" 200 17546
INFO 2024-03-25 23:29:16,100 basehttp 10876 1332 "GET /admin/myapp5/product/4/change/ HTTP/1.1" 200 26056
INFO 2024-03-25 23:29:16,149 basehttp 10876 1332 "GET /admin/jsi18n/ HTTP/1.1" 200 17546
INFO 2024-03-25 23:29:23,449 basehttp 10876 1332 "POST /admin/myapp5/product/4/change/ HTTP/1.1" 200 10873
INFO 2024-03-25 23:29:28,297 basehttp 10876 6112 "GET /admin/myapp5/product/ HTTP/1.1" 200 25130
INFO 2024-03-25 23:29:28,378 basehttp 10876 6112 "GET /admin/jsi18n/ HTTP/1.1" 200 17546
INFO 2024-03-25 23:29:31,877 basehttp 10876 6112 "GET /admin/myapp5/product/3/change/ HTTP/1.1" 200 26066
INFO 2024-03-25 23:29:31,920 basehttp 10876 6112 "GET /admin/jsi18n/ HTTP/1.1" 200 17546
INFO 2024-03-25 23:29:37,410 basehttp 10876 6112 "POST /admin/myapp5/product/3/change/ HTTP/1.1" 200 10873
INFO 2024-03-25 23:29:39,055 basehttp 10876 11128 "GET /admin/myapp5/product/ HTTP/1.1" 200 25124
INFO 2024-03-25 23:29:39,110 basehttp 10876 11128 "GET /admin/jsi18n/ HTTP/1.1" 200 17546
INFO 2024-03-26 00:20:26,451 autoreload 20272 16188 Watching for file changes with StatReloader
INFO 2024-03-26 00:20:47,148 basehttp 20272 19968 "GET /les6/db/ HTTP/1.1" 200 10686
INFO 2024-03-26 00:20:47,172 basehttp 20272 19968 "GET /static/debug_toolbar/css/toolbar.css HTTP/1.1" 304 0
INFO 2024-03-26 00:20:47,173 basehttp 20272 19668 "GET /static/debug_toolbar/js/toolbar.js HTTP/1.1" 304 0
INFO 2024-03-26 00:20:47,179 basehttp 20272 19668 "GET /static/debug_toolbar/css/print.css HTTP/1.1" 304 0
INFO 2024-03-26 00:20:47,185 basehttp 20272 19668 "GET /static/debug_toolbar/js/utils.js HTTP/1.1" 304 0
INFO 2024-03-26 00:20:58,133 basehttp 20272 19668 "GET /les6/view/ HTTP/1.1" 200 10671
INFO 2024-03-26 00:21:12,047 basehttp 20272 19668 "GET /les6/template/ HTTP/1.1" 200 10655
INFO 2024-03-26 00:21:19,944 basehttp 20272 19668 "GET /__debug__/render_panel/?store_id=80a46e3bbb214b88a5f851cd45c5d0b6&panel_id=HistoryPanel HTTP/1.1" 200 5805
INFO 2024-03-26 00:21:19,949 basehttp 20272 19668 "GET /static/debug_toolbar/js/history.js HTTP/1.1" 304 0
INFO 2024-03-26 00:22:19,735 basehttp 20272 19668 "GET /__debug__/render_panel/?store_id=80a46e3bbb214b88a5f851cd45c5d0b6&panel_id=ProfilingPanel HTTP/1.1" 200 44301
INFO 2024-03-26 00:22:37,535 basehttp 20272 19668 "GET /__debug__/render_panel/?store_id=80a46e3bbb214b88a5f851cd45c5d0b6&panel_id=SQLPanel HTTP/1.1" 200 42213
INFO 2024-03-26 00:23:32,878 basehttp 20272 19668 "GET /les6/db/ HTTP/1.1" 200 10685
INFO 2024-03-26 00:23:53,849 basehttp 20272 19668 "GET /les6/view HTTP/1.1" 200 10863
INFO 2024-03-26 00:23:53,870 basehttp 20272 19968 "GET /static/debug_toolbar/js/redirect.js HTTP/1.1" 304 0
INFO 2024-03-26 00:23:56,660 basehttp 20272 19968 "GET /les6/view/ HTTP/1.1" 200 10671
INFO 2024-03-26 00:25:20,501 basehttp 20272 19968 "GET /__debug__/render_panel/?store_id=075e12c645fd4c95963ab25b912cab2a&panel_id=SQLPanel HTTP/1.1" 200 7763
INFO 2024-03-26 00:26:49,443 basehttp 20272 19968 "GET /__debug__/render_panel/?store_id=075e12c645fd4c95963ab25b912cab2a&panel_id=HistoryPanel HTTP/1.1" 200 10734
